diff --git a/changes.log b/changes.log
index 9fa7ef6..e69de29 100644
--- a/changes.log
+++ b/changes.log
@@ -1,1139 +0,0 @@
-diff --git a/ProjectAnalyze.sh b/ProjectAnalyze.sh
-index 0ee2c3c..d009d5b 100755
---- a/ProjectAnalyze.sh
-+++ b/ProjectAnalyze.sh
-@@ -7,7 +7,7 @@ Format=${Space}${Green}
- Home=$(pwd)												#Executes Pwd so the Dir does not change while running
- DefaultGitMsg="Default commit message"									#This is used if the -m flag is not given
- 
--if [[ $1 = "--help" ]]
-+if [[ $1 = "help" ]]
- then
- 	cat testScrMan
- 	exit 0
-diff --git a/changes.log b/changes.log
-index c94d429..e69de29 100644
---- a/changes.log
-+++ b/changes.log
-@@ -1,707 +0,0 @@
--diff --git a/changes.log b/changes.log
--index 451e324..e69de29 100644
----- a/changes.log
--+++ b/changes.log
--@@ -1,696 +0,0 @@
---diff --git a/ProjectAnalyze.sh b/ProjectAnalyze.sh
---index afe38e8..0ee2c3c 100755
------ a/ProjectAnalyze.sh
---+++ b/ProjectAnalyze.sh
---@@ -77,7 +77,7 @@ fi
--- if [[ $1 == *"u"* ]]
--- then
--- 	echo "Staring Add Files"
----	git status -s | grep "?? \| M " | sed 's/.\{3\}//' |  				  	        	 #Sed is magic. Please don't touch
---+	git status -s | grep "?? \| M \|M \|MM " | sed 's/.\{3\}//' |  			  	        	 #Sed is magic. Please don't touch
--- 	while read stuffToAdd
--- 	do
--- 		find -name $(basename ${stuffToAdd}) -printf '%h\n' |  						#This finds the files and leaves just the path
---diff --git a/changes.log b/changes.log
---index 3dc3eb4..e69de29 100644
------ a/changes.log
---+++ b/changes.log
---@@ -1,353 +0,0 @@
----diff --git a/changes.log b/changes.log
----index 0a5139a..e69de29 100644
------- a/changes.log
----+++ b/changes.log
----@@ -1,14 +0,0 @@
-----
-----
-----[0;32mNew and Modified[1;37m
-----changes.log
-----error.log
-----testScr
-----todo.log
-----workingTree.log
-----
-----
-----[0;32mRemoved files:[1;37m
-----
-----
-----[0;32mChanged code:[1;37m
----diff --git a/funScr b/funScr
----deleted file mode 100644
----index a28f6f9..0000000
------- a/funScr
----+++ /dev/null
----@@ -1,133 +0,0 @@
-----#!/bin/bash
-----
-----Green="\033[0;32m"
-----White="\033[1;37m"
-----Space="\t\t\t\t\t\t\t"
-----Format=${Space}${Green}
-----Home=$(pwd)
-----DefaultGitMsg="Default commit message"
-----
-----function helpPage
-----{
-----	cat testScrMan
-----	exit 0
-----}
-----
-----function startUp
-----{
-----echo "Root directory is set to: ${Home}"
-----cat startupData |
-----while read stuffToDo
-----do
-----    echo -e "${stuffToDo}${Format}[OK]${White}"
-----	sleep 0.5
-----done
-----}
-----
-----function mainStuff
-----{
-----git status
-----echo "Adding changes to log"
-----echo -e "\n\n${Green}New and Modified${White}" > changes.log
-----git status -s | grep "?? \| M " | sed 's/.\{3\}//' >> changes.log
-----echo -e "\n\n${Green}Removed files:${White}" >> changes.log
-----git status -s | grep " D " | sed 's/.\{3\}//' >> changes.log
-----echo -e "\n\n${Green}Changed code:${White}" >> changes.log
-----git diff >> changes.log
-----grep --exclude="todo.log" -r "#ToDo" . > todo.log
-----find . -name "*.hs" | xargs ghc -fno-code > error.log
-----}
-----
-----
-----function createDefault ()
-----{
-----	echo "Please enter a file name"
-----	read fileName
-----	echo "Enter default text"
-----	read defaultText
-----	cat workingTree.log |
-----	while read targetDir #ToDo check if file already exists. Have flag for overwrite
-----	do
-----	
-----		echo "Creating file ${fileName} in ${targetDir}"
-----		cd $targetDir
-----		touch ${fileName}
-----		if [[ $1 == *"a"* ]]
-----		then
-----			echo ${defaultText} >> ${fileName}
-----		else
-----			echo ${defaultText} > ${fileName}
-----		fi
-----		cd ${Home}
-----	done
-----}
-----
-----function addFiles
-----{
-----echo "Staring Add Files"
-----git status -s | grep "?? \| M " | sed 's/.\{3\}//' |  					        #Sed is magic. Please don't touch
-----while read stuffToAdd
-----do
-----	find -name $(basename ${stuffToAdd}) -printf '%h\n' |  					#This finds the files and leaves just the path
-----	while read inDir
-----	do
-----		cd ${inDir}
-----		if [ -e $(basename "$stuffToAdd") ]
-----		then
-----			CheckTag=$(grep "#ignore" $(basename "$stuffToAdd")) 			#Going two sub-shells deep
-----			if [ "$CheckTag" != "#ignore" ]
-----			then
-----        			echo "Adding $(basename "$stuffToAdd") in ${inDir}"
-----               			git add $(basename "$stuffToAdd")
-----			else
-----        			echo "Found #ignore tag: $(basename "$stuffToAdd") ignored"
-----			fi
-----		fi
-----		cd $Home
-----	done
-----	cd $Home
-----done
-----}
-----
-----function removeFiles
-----{
-----echo "Starting remove files"
-----git status -s | grep " D " | sed 's/.\{3\}//' |
-----while read stuffToRm
-----do
-----        git rm -f ${stuffToRm}
-----done
-----}
-----
-----function getStatus
-----{
-----echo -e "\n\n\nUpdated git status"
-----echo "---------------------------------"
-----git status
-----}
-----
-----function gitCommit ()
-----{
-----	if [[ $1 == *"m"* ]]
-----	then
-----			echo "Sending commit with message ${2}"
-----			git commit -m "${2}"
-----else
-----	echo "Sending commit with default message"
-----		git commit -m "Default auto commit"
-----	fi
-----}
-----
-----function gitPush
-----{
-----	git push
-----}
-----
-----echo "Entering Interpreted Mode"
-----echo "Type \"helpPage\" for help"
-----for (( ; ; ))
-----do
-----	echo "Enter a command:"
-----	read toExe
-----	$toExe
-----done
----diff --git a/startupData b/startupData
----index 5f1fa0b..a7a1fa5 100644
------- a/startupData
----+++ b/startupData
----@@ -1,4 +1,8 @@
-----afawa
-----asrf
-----sa
-----aas
----+Checking u_int32_t
----+Checking u_int64_t
----+Loading Boost
----+Aligning splines
----+Inverting matrices
----+Mining Bitcoin
----+Forking Bitcoin
----+Generating Memes
----diff --git a/testScr b/testScr
----deleted file mode 100755
----index 72ea9d2..0000000
------- a/testScr
----+++ /dev/null
----@@ -1,130 +0,0 @@
-----#!/bin/bash
-----
-----Green="\033[0;32m"
-----White="\033[1;37m"
-----Space="\t\t\t\t\t\t\t"
-----Format=${Space}${Green}
-----Home=$(pwd)														#Executes Pwd so the Dir does not change while running
-----DefaultGitMsg="Default commit message"
-----
-----if [[ $1 = "--help" ]]
-----then
-----	cat testScrMan
-----	exit 0
-----fi
-----
-----if [[ $1 == *"i"* ]]
-----then
-----	cd $Home													# CD to script root for no apparent reason 
-----	./funScr													#(Huge problem having both modes in one script. Mostly related to args now working)
-----	exit 0              										# Exit when the functional script is closed
-----fi
-----
-----echo "Root directory is set to: ${Home}"
-----if [[ $1 != *"q"* ]]
-----then
-----	cat startupData |
-----	while read stuffToDo
-----	do
-----        	echo -e "${stuffToDo}${Format}[OK]${White}"
-----		sleep 0.5
-----	done
-----fi
-----
-----git status
-----echo "Adding changes to log"
-----echo -e "\n\n${Green}New and Modified${White}" > changes.log 		#Overwrites the old log file
-----git status -s | grep "?? \| M " | sed 's/.\{3\}//' >> changes.log
-----echo -e "\n\n${Green}Removed files:${White}" >> changes.log
-----git status -s | grep " D " | sed 's/.\{3\}//' >> changes.log
-----echo -e "\n\n${Green}Changed code:${White}" >> changes.log												#Appends actual code changes
-----grep --exclude="todo.log" -r "#ToDo" . > todo.log
-----find . -name "*.hs" | xargs ghc -fno-code > error.log
-----
-----echo "Creating working tree log"
-----find -type d | sed "/git/d" > workingTree.log						#Sed here removes any hidden git folders
-----
-----if [[ $1 == *"s"* ]]
-----then
-----	echo "What tag should I look for?"
-----	read toFind
-----	grep --exclude="$toFind" -r "$toFind" . > $toFind
-----fi
-----
-----if [[ $1 == *"d"* ]]
-----then
-----        echo "Please enter a file name"
-----        read fileName											#Could get input with flags although cleaner to do while running
-----        echo "Enter default text"
-----        read defaultText
-----        cat workingTree.log |
-----        while read targetDir 									#ToDo check if file already exists. Have flag for overwrite
-----        do
-----		
-----                echo "Creating file ${fileName} in ${targetDir}"
-----                cd $targetDir
-----                touch ${fileName}
-----		if [[ $1 == *"a"* ]]
-----		then
-----			echo ${defaultText} >> ${fileName}
-----		else
-----                	echo ${defaultText} > ${fileName}
-----		fi
-----                cd ${Home}
-----        done
-----fi
-----
-----if [[ $1 == *"u"* ]]
-----then
-----	echo "Staring Add Files"
-----	git status -s | grep "?? \| M " | sed 's/.\{3\}//' |  				        #Sed is magic. Please don't touch
-----	while read stuffToAdd
-----	do
-----		find -name $(basename ${stuffToAdd}) -printf '%h\n' |  					#This finds the files and leaves just the path
-----		while read inDir
-----		do
-----			cd ${inDir}
-----			if [ -e $(basename "$stuffToAdd") ]									#File does not exist
-----			then
-----				CheckTag=$(grep "#ignore" $(basename "$stuffToAdd")) 			#Going two sub-shells deep
-----				if [ "$CheckTag" != "#ignore" ]
-----				then
-----						echo "Adding $(basename "$stuffToAdd") in ${inDir}"
-----							git add $(basename "$stuffToAdd")                   #Basename to get rid of the path
-----				else
-----						echo "Found #ignore tag: $(basename "$stuffToAdd") ignored"
-----				fi
-----			fi
-----			cd $Home
-----		done
-----		cd $Home
-----	done
-----
-----	echo "Starting remove files"
-----	git status -s | grep " D " | sed 's/.\{3\}//' | 						#Space needed
-----	while read stuffToRm
-----	do
-----			git rm -f ${stuffToRm}
-----	done
-----fi
-----
-----echo -e "\n\n\nUpdated git status (To Update please use the -u flag)"		#All code that changes files should be above here
-----echo "---------------------------------"
-----git status
-----
-----if [[ $1 == *"c"* ]]
-----then
-----        if [[ $1 == *"m"* ]]
-----        then
-----                echo "Sending commit with message ${2}"
-----                git commit -m "${2}"
-----	else
-----		echo "Sending commit with default message"
-----        	git commit -m "$DefaultGitMsg"							#Set at the top of the program
-----        fi
-----fi
-----
-----if [[ $1 == *"p"* ]]
-----then
-----	git push
-----fi
----diff --git a/todo.log b/todo.log
----index 68a580d..06a8578 100644
------- a/todo.log
----+++ b/todo.log
----@@ -1,8 +1,20 @@
-----./testScr:grep --exclude="todo.log" -r "#ToDo" . > todo.log
-----./testScr:        while read targetDir 									#ToDo check if file already exists. Have flag for overwrite
---- ./Labs/Elm01/ToDo:#ToDo Do some elm stuff
---- ./Labs/Elm01/ToDo:#ToDo end file
---- ./Labs/Bash01/ToDo:#ToDo add some stuff
---- ./Labs/Bash01/ToDo:#ToDo second add stuff
-----./funScr:grep --exclude="todo.log" -r "#ToDo" . > todo.log
-----./funScr:	while read targetDir #ToDo check if file already exists. Have flag for overwrite
----+./changes.log:-grep --exclude="todo.log" -r "#ToDo" . > todo.log
----+./changes.log:-	while read targetDir #ToDo check if file already exists. Have flag for overwrite
----+./changes.log:-grep --exclude="todo.log" -r "#ToDo" . > todo.log
----+./changes.log:-        while read targetDir 									#ToDo check if file already exists. Have flag for overwrite
----+./changes.log:-./testScr:grep --exclude="todo.log" -r "#ToDo" . > todo.log
----+./changes.log:-./testScr:        while read targetDir 									#ToDo check if file already exists. Have flag for overwrite
----+./changes.log:-./Labs/Elm01/ToDo:#ToDo Do some elm stuff
----+./changes.log:-./Labs/Elm01/ToDo:#ToDo end file
----+./changes.log:-./Labs/Bash01/ToDo:#ToDo add some stuff
----+./changes.log:-./Labs/Bash01/ToDo:#ToDo second add stuff
----+./changes.log:-./funScr:grep --exclude="todo.log" -r "#ToDo" . > todo.log
----+./changes.log:-./funScr:	while read targetDir #ToDo check if file already exists. Have flag for overwrite
----+./ProjectAnalyze.sh:grep --exclude="todo.log" -r "#ToDo" . > todo.log
----+./ProjectAnalyze.sh:        while read targetDir 									#ToDo check if file already exists. Have flag for overwrite
----+./funProjectAnalyze.sh:grep --exclude="todo.log" -r "#ToDo" . > todo.log
----+./funProjectAnalyze.sh:	while read targetDir #ToDo check if file already exists. Have flag for overwrite
----
----
----[0;32mNew and Modified[1;37m
----changes.log
----startupData
----todo.log
----ProjectAnalyze.sh
----funProjectAnalyze.sh
----
----
----[0;32mRemoved files:[1;37m
----funScr
----testScr
---diff --git a/todo.log b/todo.log
---index 7ea15a3..a0c810e 100644
------ a/todo.log
---+++ b/todo.log
---@@ -2,35 +2,286 @@
--- ./Labs/Elm01/ToDo:#ToDo end file
--- ./Labs/Bash01/ToDo:#ToDo add some stuff
--- ./Labs/Bash01/ToDo:#ToDo second add stuff
----./changes.log:-grep --exclude="todo.log" -r "#ToDo" . > todo.log
----./changes.log:-	while read targetDir #ToDo check if file already exists. Have flag for overwrite
----./changes.log:-grep --exclude="todo.log" -r "#ToDo" . > todo.log
----./changes.log:-        while read targetDir 									#ToDo check if file already exists. Have flag for overwrite
----./changes.log:-./testScr:grep --exclude="todo.log" -r "#ToDo" . > todo.log
----./changes.log:-./testScr:        while read targetDir 									#ToDo check if file already exists. Have flag for overwrite
----./changes.log: ./Labs/Elm01/ToDo:#ToDo Do some elm stuff
---+./changes.log:--grep --exclude="todo.log" -r "#ToDo" . > todo.log
---+./changes.log:--	while read targetDir #ToDo check if file already exists. Have flag for overwrite
---+./changes.log:--grep --exclude="todo.log" -r "#ToDo" . > todo.log
---+./changes.log:--        while read targetDir 									#ToDo check if file already exists. Have flag for overwrite
---+./changes.log:--./testScr:grep --exclude="todo.log" -r "#ToDo" . > todo.log
---+./changes.log:--./testScr:        while read targetDir 									#ToDo check if file already exists. Have flag for overwrite
---+./changes.log:- ./Labs/Elm01/ToDo:#ToDo Do some elm stuff
---+./changes.log:- ./Labs/Elm01/ToDo:#ToDo end file
---+./changes.log:- ./Labs/Bash01/ToDo:#ToDo add some stuff
---+./changes.log:- ./Labs/Bash01/ToDo:#ToDo second add stuff
---+./changes.log:--./funScr:grep --exclude="todo.log" -r "#ToDo" . > todo.log
---+./changes.log:--./funScr:	while read targetDir #ToDo check if file already exists. Have flag for overwrite
---+./changes.log:-+./changes.log:-grep --exclude="todo.log" -r "#ToDo" . > todo.log
---+./changes.log:-+./changes.log:-	while read targetDir #ToDo check if file already exists. Have flag for overwrite
---+./changes.log:-+./changes.log:-grep --exclude="todo.log" -r "#ToDo" . > todo.log
---+./changes.log:-+./changes.log:-        while read targetDir 									#ToDo check if file already exists. Have flag for overwrite
---+./changes.log:-+./changes.log:-./testScr:grep --exclude="todo.log" -r "#ToDo" . > todo.log
---+./changes.log:-+./changes.log:-./testScr:        while read targetDir 									#ToDo check if file already exists. Have flag for overwrite
---+./changes.log:-+./changes.log:-./Labs/Elm01/ToDo:#ToDo Do some elm stuff
---+./changes.log:-+./changes.log:-./Labs/Elm01/ToDo:#ToDo end file
---+./changes.log:-+./changes.log:-./Labs/Bash01/ToDo:#ToDo add some stuff
---+./changes.log:-+./changes.log:-./Labs/Bash01/ToDo:#ToDo second add stuff
---+./changes.log:-+./changes.log:-./funScr:grep --exclude="todo.log" -r "#ToDo" . > todo.log
---+./changes.log:-+./changes.log:-./funScr:	while read targetDir #ToDo check if file already exists. Have flag for overwrite
---+./changes.log:-+./ProjectAnalyze.sh:grep --exclude="todo.log" -r "#ToDo" . > todo.log
---+./changes.log:-+./ProjectAnalyze.sh:        while read targetDir 									#ToDo check if file already exists. Have flag for overwrite
---+./changes.log:-+./funProjectAnalyze.sh:grep --exclude="todo.log" -r "#ToDo" . > todo.log
---+./changes.log:-+./funProjectAnalyze.sh:	while read targetDir #ToDo check if file already exists. Have flag for overwrite
--- ./changes.log: ./Labs/Elm01/ToDo:#ToDo end file
--- ./changes.log: ./Labs/Bash01/ToDo:#ToDo add some stuff
--- ./changes.log: ./Labs/Bash01/ToDo:#ToDo second add stuff
----./changes.log:-./funScr:grep --exclude="todo.log" -r "#ToDo" . > todo.log
----./changes.log:-./funScr:	while read targetDir #ToDo check if file already exists. Have flag for overwrite
----./changes.log:+./changes.log:-grep --exclude="todo.log" -r "#ToDo" . > todo.log
----./changes.log:+./changes.log:-	while read targetDir #ToDo check if file already exists. Have flag for overwrite
----./changes.log:+./changes.log:-grep --exclude="todo.log" -r "#ToDo" . > todo.log
----./changes.log:+./changes.log:-        while read targetDir 									#ToDo check if file already exists. Have flag for overwrite
----./changes.log:+./changes.log:-./testScr:grep --exclude="todo.log" -r "#ToDo" . > todo.log
----./changes.log:+./changes.log:-./testScr:        while read targetDir 									#ToDo check if file already exists. Have flag for overwrite
----./changes.log:+./changes.log:-./Labs/Elm01/ToDo:#ToDo Do some elm stuff
----./changes.log:+./changes.log:-./Labs/Elm01/ToDo:#ToDo end file
----./changes.log:+./changes.log:-./Labs/Bash01/ToDo:#ToDo add some stuff
----./changes.log:+./changes.log:-./Labs/Bash01/ToDo:#ToDo second add stuff
----./changes.log:+./changes.log:-./funScr:grep --exclude="todo.log" -r "#ToDo" . > todo.log
----./changes.log:+./changes.log:-./funScr:	while read targetDir #ToDo check if file already exists. Have flag for overwrite
----./changes.log:+./ProjectAnalyze.sh:grep --exclude="todo.log" -r "#ToDo" . > todo.log
----./changes.log:+./ProjectAnalyze.sh:        while read targetDir 									#ToDo check if file already exists. Have flag for overwrite
----./changes.log:+./funProjectAnalyze.sh:grep --exclude="todo.log" -r "#ToDo" . > todo.log
----./changes.log:+./funProjectAnalyze.sh:	while read targetDir #ToDo check if file already exists. Have flag for overwrite
---+./changes.log:-./changes.log:-grep --exclude="todo.log" -r "#ToDo" . > todo.log
---+./changes.log:-./changes.log:-	while read targetDir #ToDo check if file already exists. Have flag for overwrite
---+./changes.log:-./changes.log:-grep --exclude="todo.log" -r "#ToDo" . > todo.log
---+./changes.log:-./changes.log:-        while read targetDir 									#ToDo check if file already exists. Have flag for overwrite
---+./changes.log:-./changes.log:-./testScr:grep --exclude="todo.log" -r "#ToDo" . > todo.log
---+./changes.log:-./changes.log:-./testScr:        while read targetDir 									#ToDo check if file already exists. Have flag for overwrite
---+./changes.log:-./changes.log: ./Labs/Elm01/ToDo:#ToDo Do some elm stuff
---+./changes.log:+./changes.log:--grep --exclude="todo.log" -r "#ToDo" . > todo.log
---+./changes.log:+./changes.log:--	while read targetDir #ToDo check if file already exists. Have flag for overwrite
---+./changes.log:+./changes.log:--grep --exclude="todo.log" -r "#ToDo" . > todo.log
---+./changes.log:+./changes.log:--        while read targetDir 									#ToDo check if file already exists. Have flag for overwrite
---+./changes.log:+./changes.log:--./testScr:grep --exclude="todo.log" -r "#ToDo" . > todo.log
---+./changes.log:+./changes.log:--./testScr:        while read targetDir 									#ToDo check if file already exists. Have flag for overwrite
---+./changes.log:+./changes.log:- ./Labs/Elm01/ToDo:#ToDo Do some elm stuff
---+./changes.log:+./changes.log:- ./Labs/Elm01/ToDo:#ToDo end file
---+./changes.log:+./changes.log:- ./Labs/Bash01/ToDo:#ToDo add some stuff
---+./changes.log:+./changes.log:- ./Labs/Bash01/ToDo:#ToDo second add stuff
---+./changes.log:+./changes.log:--./funScr:grep --exclude="todo.log" -r "#ToDo" . > todo.log
---+./changes.log:+./changes.log:--./funScr:	while read targetDir #ToDo check if file already exists. Have flag for overwrite
---+./changes.log:+./changes.log:-+./changes.log:-grep --exclude="todo.log" -r "#ToDo" . > todo.log
---+./changes.log:+./changes.log:-+./changes.log:-	while read targetDir #ToDo check if file already exists. Have flag for overwrite
---+./changes.log:+./changes.log:-+./changes.log:-grep --exclude="todo.log" -r "#ToDo" . > todo.log
---+./changes.log:+./changes.log:-+./changes.log:-        while read targetDir 									#ToDo check if file already exists. Have flag for overwrite
---+./changes.log:+./changes.log:-+./changes.log:-./testScr:grep --exclude="todo.log" -r "#ToDo" . > todo.log
---+./changes.log:+./changes.log:-+./changes.log:-./testScr:        while read targetDir 									#ToDo check if file already exists. Have flag for overwrite
---+./changes.log:+./changes.log:-+./changes.log:-./Labs/Elm01/ToDo:#ToDo Do some elm stuff
---+./changes.log:+./changes.log:-+./changes.log:-./Labs/Elm01/ToDo:#ToDo end file
---+./changes.log:+./changes.log:-+./changes.log:-./Labs/Bash01/ToDo:#ToDo add some stuff
---+./changes.log:+./changes.log:-+./changes.log:-./Labs/Bash01/ToDo:#ToDo second add stuff
---+./changes.log:+./changes.log:-+./changes.log:-./funScr:grep --exclude="todo.log" -r "#ToDo" . > todo.log
---+./changes.log:+./changes.log:-+./changes.log:-./funScr:	while read targetDir #ToDo check if file already exists. Have flag for overwrite
---+./changes.log:+./changes.log:-+./ProjectAnalyze.sh:grep --exclude="todo.log" -r "#ToDo" . > todo.log
---+./changes.log:+./changes.log:-+./ProjectAnalyze.sh:        while read targetDir 									#ToDo check if file already exists. Have flag for overwrite
---+./changes.log:+./changes.log:-+./funProjectAnalyze.sh:grep --exclude="todo.log" -r "#ToDo" . > todo.log
---+./changes.log:+./changes.log:-+./funProjectAnalyze.sh:	while read targetDir #ToDo check if file already exists. Have flag for overwrite
---+./changes.log: ./changes.log: ./Labs/Elm01/ToDo:#ToDo end file
---+./changes.log: ./changes.log: ./Labs/Bash01/ToDo:#ToDo add some stuff
---+./changes.log: ./changes.log: ./Labs/Bash01/ToDo:#ToDo second add stuff
---+./changes.log:-./changes.log:-./funScr:grep --exclude="todo.log" -r "#ToDo" . > todo.log
---+./changes.log:-./changes.log:-./funScr:	while read targetDir #ToDo check if file already exists. Have flag for overwrite
---+./changes.log:-./changes.log:+./changes.log:-grep --exclude="todo.log" -r "#ToDo" . > todo.log
---+./changes.log:-./changes.log:+./changes.log:-	while read targetDir #ToDo check if file already exists. Have flag for overwrite
---+./changes.log:-./changes.log:+./changes.log:-grep --exclude="todo.log" -r "#ToDo" . > todo.log
---+./changes.log:-./changes.log:+./changes.log:-        while read targetDir 									#ToDo check if file already exists. Have flag for overwrite
---+./changes.log:-./changes.log:+./changes.log:-./testScr:grep --exclude="todo.log" -r "#ToDo" . > todo.log
---+./changes.log:-./changes.log:+./changes.log:-./testScr:        while read targetDir 									#ToDo check if file already exists. Have flag for overwrite
---+./changes.log:-./changes.log:+./changes.log:-./Labs/Elm01/ToDo:#ToDo Do some elm stuff
---+./changes.log:-./changes.log:+./changes.log:-./Labs/Elm01/ToDo:#ToDo end file
---+./changes.log:-./changes.log:+./changes.log:-./Labs/Bash01/ToDo:#ToDo add some stuff
---+./changes.log:-./changes.log:+./changes.log:-./Labs/Bash01/ToDo:#ToDo second add stuff
---+./changes.log:-./changes.log:+./changes.log:-./funScr:grep --exclude="todo.log" -r "#ToDo" . > todo.log
---+./changes.log:-./changes.log:+./changes.log:-./funScr:	while read targetDir #ToDo check if file already exists. Have flag for overwrite
---+./changes.log:-./changes.log:+./ProjectAnalyze.sh:grep --exclude="todo.log" -r "#ToDo" . > todo.log
---+./changes.log:-./changes.log:+./ProjectAnalyze.sh:        while read targetDir 									#ToDo check if file already exists. Have flag for overwrite
---+./changes.log:-./changes.log:+./funProjectAnalyze.sh:grep --exclude="todo.log" -r "#ToDo" . > todo.log
---+./changes.log:-./changes.log:+./funProjectAnalyze.sh:	while read targetDir #ToDo check if file already exists. Have flag for overwrite
---+./changes.log:+./changes.log:-./changes.log:-grep --exclude="todo.log" -r "#ToDo" . > todo.log
---+./changes.log:+./changes.log:-./changes.log:-	while read targetDir #ToDo check if file already exists. Have flag for overwrite
---+./changes.log:+./changes.log:-./changes.log:-grep --exclude="todo.log" -r "#ToDo" . > todo.log
---+./changes.log:+./changes.log:+./changes.log: grep --exclude="todo.log" -r "#ToDo" . > todo.log
---+./changes.log:+./changes.log: ./changes.log:-        while read targetDir 									#ToDo check if file already exists. Have flag for overwrite
---+./changes.log:+./changes.log:-./changes.log:-./testScr:grep --exclude="todo.log" -r "#ToDo" . > todo.log
---+./changes.log:+./changes.log:-./changes.log:-./testScr:        while read targetDir 									#ToDo check if file already exists. Have flag for overwrite
---+./changes.log:+./changes.log:-./changes.log: ./Labs/Elm01/ToDo:#ToDo Do some elm stuff
---+./changes.log:+./changes.log:+./changes.log:+        while read targetDir 										#ToDo check if file already exists. Have flag for overwrite
---+./changes.log:+./changes.log:+./changes.log:--grep --exclude="todo.log" -r "#ToDo" . > todo.log
---+./changes.log:+./changes.log:+./changes.log:--	while read targetDir #ToDo check if file already exists. Have flag for overwrite
---+./changes.log:+./changes.log:+./changes.log:--grep --exclude="todo.log" -r "#ToDo" . > todo.log
---+./changes.log:+./changes.log:+./changes.log:--        while read targetDir 									#ToDo check if file already exists. Have flag for overwrite
---+./changes.log:+./changes.log:+./changes.log:--./testScr:grep --exclude="todo.log" -r "#ToDo" . > todo.log
---+./changes.log:+./changes.log:+./changes.log:--./testScr:        while read targetDir 									#ToDo check if file already exists. Have flag for overwrite
---+./changes.log:+./changes.log:+./changes.log:- ./Labs/Elm01/ToDo:#ToDo Do some elm stuff
---+./changes.log:+./changes.log:+./changes.log:- ./Labs/Elm01/ToDo:#ToDo end file
---+./changes.log:+./changes.log:+./changes.log:- ./Labs/Bash01/ToDo:#ToDo add some stuff
---+./changes.log:+./changes.log:+./changes.log:- ./Labs/Bash01/ToDo:#ToDo second add stuff
---+./changes.log:+./changes.log:+./changes.log:--./funScr:grep --exclude="todo.log" -r "#ToDo" . > todo.log
---+./changes.log:+./changes.log:+./changes.log:--./funScr:	while read targetDir #ToDo check if file already exists. Have flag for overwrite
---+./changes.log:+./changes.log:+./changes.log:-+./changes.log:-grep --exclude="todo.log" -r "#ToDo" . > todo.log
---+./changes.log:+./changes.log:+./changes.log:-+./changes.log:-	while read targetDir #ToDo check if file already exists. Have flag for overwrite
---+./changes.log:+./changes.log:+./changes.log:-+./changes.log:-grep --exclude="todo.log" -r "#ToDo" . > todo.log
---+./changes.log:+./changes.log:+./changes.log:-+./changes.log:-        while read targetDir 									#ToDo check if file already exists. Have flag for overwrite
---+./changes.log:+./changes.log:+./changes.log:-+./changes.log:-./testScr:grep --exclude="todo.log" -r "#ToDo" . > todo.log
---+./changes.log:+./changes.log:+./changes.log:-+./changes.log:-./testScr:        while read targetDir 									#ToDo check if file already exists. Have flag for overwrite
---+./changes.log:+./changes.log:+./changes.log:-+./changes.log:-./Labs/Elm01/ToDo:#ToDo Do some elm stuff
---+./changes.log:+./changes.log:+./changes.log:-+./changes.log:-./Labs/Elm01/ToDo:#ToDo end file
---+./changes.log:+./changes.log:+./changes.log:-+./changes.log:-./Labs/Bash01/ToDo:#ToDo add some stuff
---+./changes.log:+./changes.log:+./changes.log:-+./changes.log:-./Labs/Bash01/ToDo:#ToDo second add stuff
---+./changes.log:+./changes.log:+./changes.log:-+./changes.log:-./funScr:grep --exclude="todo.log" -r "#ToDo" . > todo.log
---+./changes.log:+./changes.log:+./changes.log:-+./changes.log:-./funScr:	while read targetDir #ToDo check if file already exists. Have flag for overwrite
---+./changes.log:+./changes.log:+./changes.log:-+./ProjectAnalyze.sh:grep --exclude="todo.log" -r "#ToDo" . > todo.log
---+./changes.log:+./changes.log:+./changes.log:-+./ProjectAnalyze.sh:        while read targetDir 									#ToDo check if file already exists. Have flag for overwrite
---+./changes.log:+./changes.log:+./changes.log:-+./funProjectAnalyze.sh:grep --exclude="todo.log" -r "#ToDo" . > todo.log
---+./changes.log:+./changes.log:+./changes.log:-+./funProjectAnalyze.sh:	while read targetDir #ToDo check if file already exists. Have flag for overwrite
---+./changes.log:+./changes.log: ./changes.log: ./Labs/Elm01/ToDo:#ToDo end file
---+./changes.log:+./changes.log: ./changes.log: ./Labs/Bash01/ToDo:#ToDo add some stuff
---+./changes.log:+./changes.log: ./changes.log: ./Labs/Bash01/ToDo:#ToDo second add stuff
---+./changes.log:+./changes.log:-./changes.log:-./funScr:grep --exclude="todo.log" -r "#ToDo" . > todo.log
---+./changes.log:+./changes.log:-./changes.log:-./funScr:	while read targetDir #ToDo check if file already exists. Have flag for overwrite
---+./changes.log:+./changes.log:-./changes.log:+./changes.log:-grep --exclude="todo.log" -r "#ToDo" . > todo.log
---+./changes.log:+./changes.log:-./changes.log:+./changes.log:-	while read targetDir #ToDo check if file already exists. Have flag for overwrite
---+./changes.log:+./changes.log:-./changes.log:+./changes.log:-grep --exclude="todo.log" -r "#ToDo" . > todo.log
---+./changes.log:+./changes.log:-./changes.log:+./changes.log:-        while read targetDir 									#ToDo check if file already exists. Have flag for overwrite
---+./changes.log:+./changes.log:-./changes.log:+./changes.log:-./testScr:grep --exclude="todo.log" -r "#ToDo" . > todo.log
---+./changes.log:+./changes.log:-./changes.log:+./changes.log:-./testScr:        while read targetDir 									#ToDo check if file already exists. Have flag for overwrite
---+./changes.log:+./changes.log:-./changes.log:+./changes.log:-./Labs/Elm01/ToDo:#ToDo Do some elm stuff
---+./changes.log:+./changes.log:-./changes.log:+./changes.log:-./Labs/Elm01/ToDo:#ToDo end file
---+./changes.log:+./changes.log:-./changes.log:+./changes.log:-./Labs/Bash01/ToDo:#ToDo add some stuff
---+./changes.log:+./changes.log:-./changes.log:+./changes.log:-./Labs/Bash01/ToDo:#ToDo second add stuff
---+./changes.log:+./changes.log:-./changes.log:+./changes.log:-./funScr:grep --exclude="todo.log" -r "#ToDo" . > todo.log
---+./changes.log:+./changes.log:-./changes.log:+./changes.log:-./funScr:	while read targetDir #ToDo check if file already exists. Have flag for overwrite
---+./changes.log:+./changes.log:-./changes.log:+./ProjectAnalyze.sh:grep --exclude="todo.log" -r "#ToDo" . > todo.log
---+./changes.log:+./changes.log:-./changes.log:+./ProjectAnalyze.sh:        while read targetDir 									#ToDo check if file already exists. Have flag for overwrite
---+./changes.log:+./changes.log:-./changes.log:+./funProjectAnalyze.sh:grep --exclude="todo.log" -r "#ToDo" . > todo.log
---+./changes.log:+./changes.log:-./changes.log:+./funProjectAnalyze.sh:	while read targetDir #ToDo check if file already exists. Have flag for overwrite
---+./changes.log:+./changes.log:+./changes.log:-./changes.log:-grep --exclude="todo.log" -r "#ToDo" . > todo.log
---+./changes.log:+./changes.log:+./changes.log:-./changes.log:-	while read targetDir #ToDo check if file already exists. Have flag for overwrite
---+./changes.log:+./changes.log:+./changes.log:-./changes.log:-grep --exclude="todo.log" -r "#ToDo" . > todo.log
---+./changes.log:+./changes.log:+./changes.log:+./changes.log: grep --exclude="todo.log" -r "#ToDo" . > todo.log
---+./changes.log:+./changes.log:+./changes.log: ./changes.log:-        while read targetDir 									#ToDo check if file already exists. Have flag for overwrite
---+./changes.log:+./changes.log:+./changes.log:-./changes.log:-./testScr:grep --exclude="todo.log" -r "#ToDo" . > todo.log
---+./changes.log:+./changes.log:+./changes.log:-./changes.log:-./testScr:        while read targetDir 									#ToDo check if file already exists. Have flag for overwrite
---+./changes.log:+./changes.log:+./changes.log:-./changes.log: ./Labs/Elm01/ToDo:#ToDo Do some elm stuff
---+./changes.log:+./changes.log:+./changes.log:+./changes.log:+        while read targetDir 										#ToDo check if file already exists. Have flag for overwrite
---+./changes.log:+./changes.log:+./changes.log:+./changes.log:--grep --exclude="todo.log" -r "#ToDo" . > todo.log
---+./changes.log:+./changes.log:+./changes.log:+./changes.log:--	while read targetDir #ToDo check if file already exists. Have flag for overwrite
---+./changes.log:+./changes.log:+./changes.log:+./changes.log:--grep --exclude="todo.log" -r "#ToDo" . > todo.log
---+./changes.log:+./changes.log:+./changes.log:+./changes.log:--        while read targetDir 									#ToDo check if file already exists. Have flag for overwrite
---+./changes.log:+./changes.log:+./changes.log:+./changes.log:--./testScr:grep --exclude="todo.log" -r "#ToDo" . > todo.log
---+./changes.log:+./changes.log:+./changes.log:+./changes.log:--./testScr:        while read targetDir 									#ToDo check if file already exists. Have flag for overwrite
---+./changes.log:+./changes.log:+./changes.log:+./changes.log:- ./Labs/Elm01/ToDo:#ToDo Do some elm stuff
---+./changes.log:+./changes.log:+./changes.log:+./changes.log:- ./Labs/Elm01/ToDo:#ToDo end file
---+./changes.log:+./changes.log:+./changes.log:+./changes.log:- ./Labs/Bash01/ToDo:#ToDo add some stuff
---+./changes.log:+./changes.log:+./changes.log:+./changes.log:- ./Labs/Bash01/ToDo:#ToDo second add stuff
---+./changes.log:+./changes.log:+./changes.log:+./changes.log:--./funScr:grep --exclude="todo.log" -r "#ToDo" . > todo.log
---+./changes.log:+./changes.log:+./changes.log:+./changes.log:--./funScr:	while read targetDir #ToDo check if file already exists. Have flag for overwrite
---+./changes.log:+./changes.log:+./changes.log:+./changes.log:-+./changes.log:-grep --exclude="todo.log" -r "#ToDo" . > todo.log
---+./changes.log:+./changes.log:+./changes.log:+./changes.log:-+./changes.log:-	while read targetDir #ToDo check if file already exists. Have flag for overwrite
---+./changes.log:+./changes.log:+./changes.log:+./changes.log:-+./changes.log:-grep --exclude="todo.log" -r "#ToDo" . > todo.log
---+./changes.log:+./changes.log:+./changes.log:+./changes.log:-+./changes.log:-        while read targetDir 									#ToDo check if file already exists. Have flag for overwrite
---+./changes.log:+./changes.log:+./changes.log:+./changes.log:-+./changes.log:-./testScr:grep --exclude="todo.log" -r "#ToDo" . > todo.log
---+./changes.log:+./changes.log:+./changes.log:+./changes.log:-+./changes.log:-./testScr:        while read targetDir 									#ToDo check if file already exists. Have flag for overwrite
---+./changes.log:+./changes.log:+./changes.log:+./changes.log:-+./changes.log:-./Labs/Elm01/ToDo:#ToDo Do some elm stuff
---+./changes.log:+./changes.log:+./changes.log:+./changes.log:-+./changes.log:-./Labs/Elm01/ToDo:#ToDo end file
---+./changes.log:+./changes.log:+./changes.log:+./changes.log:-+./changes.log:-./Labs/Bash01/ToDo:#ToDo add some stuff
---+./changes.log:+./changes.log:+./changes.log:+./changes.log:-+./changes.log:-./Labs/Bash01/ToDo:#ToDo second add stuff
---+./changes.log:+./changes.log:+./changes.log:+./changes.log:-+./changes.log:-./funScr:grep --exclude="todo.log" -r "#ToDo" . > todo.log
---+./changes.log:+./changes.log:+./changes.log:+./changes.log:-+./changes.log:-./funScr:	while read targetDir #ToDo check if file already exists. Have flag for overwrite
---+./changes.log:+./changes.log:+./changes.log:+./changes.log:-+./ProjectAnalyze.sh:grep --exclude="todo.log" -r "#ToDo" . > todo.log
---+./changes.log:+./changes.log:+./changes.log:+./changes.log:-+./ProjectAnalyze.sh:        while read targetDir 									#ToDo check if file already exists. Have flag for overwrite
---+./changes.log:+./changes.log:+./changes.log:+./changes.log:-+./funProjectAnalyze.sh:grep --exclude="todo.log" -r "#ToDo" . > todo.log
---+./changes.log:+./changes.log:+./changes.log:+./changes.log:-+./funProjectAnalyze.sh:	while read targetDir #ToDo check if file already exists. Have flag for overwrite
---+./changes.log:+./changes.log:+./changes.log: ./changes.log: ./Labs/Elm01/ToDo:#ToDo end file
---+./changes.log:+./changes.log:+./changes.log: ./changes.log: ./Labs/Bash01/ToDo:#ToDo add some stuff
---+./changes.log:+./changes.log:+./changes.log: ./changes.log: ./Labs/Bash01/ToDo:#ToDo second add stuff
---+./changes.log:+./changes.log:+./changes.log:-./changes.log:-./funScr:grep --exclude="todo.log" -r "#ToDo" . > todo.log
---+./changes.log:+./changes.log:+./changes.log:-./changes.log:-./funScr:	while read targetDir #ToDo check if file already exists. Have flag for overwrite
---+./changes.log:+./changes.log:+./changes.log:-./changes.log:+./changes.log:-grep --exclude="todo.log" -r "#ToDo" . > todo.log
---+./changes.log:+./changes.log:+./changes.log:-./changes.log:+./changes.log:-	while read targetDir #ToDo check if file already exists. Have flag for overwrite
---+./changes.log:+./changes.log:+./changes.log:-./changes.log:+./changes.log:-grep --exclude="todo.log" -r "#ToDo" . > todo.log
---+./changes.log:+./changes.log:+./changes.log:-./changes.log:+./changes.log:-        while read targetDir 									#ToDo check if file already exists. Have flag for overwrite
---+./changes.log:+./changes.log:+./changes.log:-./changes.log:+./changes.log:-./testScr:grep --exclude="todo.log" -r "#ToDo" . > todo.log
---+./changes.log:+./changes.log:+./changes.log:-./changes.log:+./changes.log:-./testScr:        while read targetDir 									#ToDo check if file already exists. Have flag for overwrite
---+./changes.log:+./changes.log:+./changes.log:-./changes.log:+./changes.log:-./Labs/Elm01/ToDo:#ToDo Do some elm stuff
---+./changes.log:+./changes.log:+./changes.log:-./changes.log:+./changes.log:-./Labs/Elm01/ToDo:#ToDo end file
---+./changes.log:+./changes.log:+./changes.log:-./changes.log:+./changes.log:-./Labs/Bash01/ToDo:#ToDo add some stuff
---+./changes.log:+./changes.log:+./changes.log:-./changes.log:+./changes.log:-./Labs/Bash01/ToDo:#ToDo second add stuff
---+./changes.log:+./changes.log:+./changes.log:-./changes.log:+./changes.log:-./funScr:grep --exclude="todo.log" -r "#ToDo" . > todo.log
---+./changes.log:+./changes.log:+./changes.log:-./changes.log:+./changes.log:-./funScr:	while read targetDir #ToDo check if file already exists. Have flag for overwrite
---+./changes.log:+./changes.log:+./changes.log:-./changes.log:+./ProjectAnalyze.sh:grep --exclude="todo.log" -r "#ToDo" . > todo.log
---+./changes.log:+./changes.log:+./changes.log:-./changes.log:+./ProjectAnalyze.sh:        while read targetDir 									#ToDo check if file already exists. Have flag for overwrite
---+./changes.log:+./changes.log:+./changes.log:-./changes.log:+./funProjectAnalyze.sh:grep --exclude="todo.log" -r "#ToDo" . > todo.log
---+./changes.log:+./changes.log:+./changes.log:-./changes.log:+./funProjectAnalyze.sh:	while read targetDir #ToDo check if file already exists. Have flag for overwrite
---+./changes.log:+./changes.log:+./changes.log:+./changes.log:-./changes.log:-grep --exclude="todo.log" -r "#ToDo" . > todo.log
---+./changes.log:+./changes.log:+./changes.log:+./changes.log:-./changes.log:-	while read targetDir #ToDo check if file already exists. Have flag for overwrite
---+./changes.log:+./changes.log:+./changes.log:+./changes.log:-./changes.log:-grep --exclude="todo.log" -r "#ToDo" . > todo.log
---+./changes.log:+./changes.log:+./changes.log:+./changes.log:+./changes.log: grep --exclude="todo.log" -r "#ToDo" . > todo.log
---+./changes.log:+./changes.log:+./changes.log:+./changes.log: ./changes.log:-        while read targetDir 									#ToDo check if file already exists. Have flag for overwrite
---+./changes.log:+./changes.log:+./changes.log:+./changes.log:-./changes.log:-./testScr:grep --exclude="todo.log" -r "#ToDo" . > todo.log
---+./changes.log:+./changes.log:+./changes.log:+./changes.log:-./changes.log:-./testScr:        while read targetDir 									#ToDo check if file already exists. Have flag for overwrite
---+./changes.log:+./changes.log:+./changes.log:+./changes.log:-./changes.log: ./Labs/Elm01/ToDo:#ToDo Do some elm stuff
---+./changes.log:+./changes.log:+./changes.log:+./changes.log:-./changes.log: ./Labs/Elm01/ToDo:#ToDo end file
---+./changes.log:+./changes.log:+./changes.log:+./changes.log:-./changes.log: ./Labs/Bash01/ToDo:#ToDo add some stuff
---+./changes.log:+./changes.log:+./changes.log:+./changes.log:-./changes.log: ./Labs/Bash01/ToDo:#ToDo second add stuff
---+./changes.log:+./changes.log:+./changes.log:+./changes.log:-./changes.log:-./funScr:grep --exclude="todo.log" -r "#ToDo" . > todo.log
---+./changes.log:+./changes.log:+./changes.log:+./changes.log:-./changes.log:-./funScr:	while read targetDir #ToDo check if file already exists. Have flag for overwrite
---+./changes.log:+./changes.log:+./changes.log:+./changes.log:-./changes.log:+./changes.log:-grep --exclude="todo.log" -r "#ToDo" . > todo.log
---+./changes.log:+./changes.log:+./changes.log:+./changes.log:-./changes.log:+./changes.log:-	while read targetDir #ToDo check if file already exists. Have flag for overwrite
---+./changes.log:+./changes.log:+./changes.log:+./changes.log:-./changes.log:+./changes.log:-grep --exclude="todo.log" -r "#ToDo" . > todo.log
---+./changes.log:+./changes.log:+./changes.log:+./changes.log:-./changes.log:+./changes.log:-        while read targetDir 									#ToDo check if file already exists. Have flag for overwrite
---+./changes.log:+./changes.log:+./changes.log:+./changes.log:-./changes.log:+./changes.log:-./testScr:grep --exclude="todo.log" -r "#ToDo" . > todo.log
---+./changes.log:+./changes.log:+./changes.log:+./changes.log:-./changes.log:+./changes.log:-./testScr:        while read targetDir 									#ToDo check if file already exists. Have flag for overwrite
---+./changes.log:+./changes.log:+./changes.log:+./changes.log:-./changes.log:+./changes.log:-./Labs/Elm01/ToDo:#ToDo Do some elm stuff
---+./changes.log:+./changes.log:+./changes.log:+./changes.log:-./changes.log:+./changes.log:-./Labs/Elm01/ToDo:#ToDo end file
---+./changes.log:+./changes.log:+./changes.log:+./changes.log:-./changes.log:+./changes.log:-./Labs/Bash01/ToDo:#ToDo add some stuff
---+./changes.log:+./changes.log:+./changes.log:+./changes.log:-./changes.log:+./changes.log:-./Labs/Bash01/ToDo:#ToDo second add stuff
---+./changes.log:+./changes.log:+./changes.log:+./changes.log:-./changes.log:+./changes.log:-./funScr:grep --exclude="todo.log" -r "#ToDo" . > todo.log
---+./changes.log:+./changes.log:+./changes.log:+./changes.log:-./changes.log:+./changes.log:-./funScr:	while read targetDir #ToDo check if file already exists. Have flag for overwrite
---+./changes.log:+./changes.log:+./changes.log:+./changes.log:-./changes.log:+./ProjectAnalyze.sh:grep --exclude="todo.log" -r "#ToDo" . > todo.log
---+./changes.log:+./changes.log:+./changes.log:+./changes.log:-./changes.log:+./ProjectAnalyze.sh:        while read targetDir 									#ToDo check if file already exists. Have flag for overwrite
---+./changes.log:+./changes.log:+./changes.log:+./changes.log:-./changes.log:+./funProjectAnalyze.sh:grep --exclude="todo.log" -r "#ToDo" . > todo.log
---+./changes.log:+./changes.log:+./changes.log:+./changes.log:-./changes.log:+./funProjectAnalyze.sh:	while read targetDir #ToDo check if file already exists. Have flag for overwrite
---+./changes.log:+./changes.log:+./changes.log:+./changes.log:+./changes.log:+        while read targetDir 										#ToDo check if file already exists. Have flag for overwrite
---+./changes.log:+./changes.log:+./changes.log:+./changes.log:+./changes.log:--grep --exclude="todo.log" -r "#ToDo" . > todo.log
---+./changes.log:+./changes.log:+./changes.log:+./changes.log:+./changes.log:--	while read targetDir #ToDo check if file already exists. Have flag for overwrite
---+./changes.log:+./changes.log:+./changes.log:+./changes.log:+./changes.log:--grep --exclude="todo.log" -r "#ToDo" . > todo.log
---+./changes.log:+./changes.log:+./changes.log:+./changes.log:+./changes.log:--        while read targetDir 									#ToDo check if file already exists. Have flag for overwrite
---+./changes.log:+./changes.log:+./changes.log:+./changes.log:+./changes.log:--./testScr:grep --exclude="todo.log" -r "#ToDo" . > todo.log
---+./changes.log:+./changes.log:+./changes.log:+./changes.log:+./changes.log:--./testScr:        while read targetDir 									#ToDo check if file already exists. Have flag for overwrite
---+./changes.log:+./changes.log:+./changes.log:+./changes.log:+./changes.log:- ./Labs/Elm01/ToDo:#ToDo Do some elm stuff
---+./changes.log:+./changes.log:+./changes.log:+./changes.log:+./changes.log:- ./Labs/Elm01/ToDo:#ToDo end file
---+./changes.log:+./changes.log:+./changes.log:+./changes.log:+./changes.log:- ./Labs/Bash01/ToDo:#ToDo add some stuff
---+./changes.log:+./changes.log:+./changes.log:+./changes.log:+./changes.log:- ./Labs/Bash01/ToDo:#ToDo second add stuff
---+./changes.log:+./changes.log:+./changes.log:+./changes.log:+./changes.log:--./funScr:grep --exclude="todo.log" -r "#ToDo" . > todo.log
---+./changes.log:+./changes.log:+./changes.log:+./changes.log:+./changes.log:--./funScr:	while read targetDir #ToDo check if file already exists. Have flag for overwrite
---+./changes.log:+./changes.log:+./changes.log:+./changes.log:+./changes.log:-+./changes.log:-grep --exclude="todo.log" -r "#ToDo" . > todo.log
---+./changes.log:+./changes.log:+./changes.log:+./changes.log:+./changes.log:-+./changes.log:-	while read targetDir #ToDo check if file already exists. Have flag for overwrite
---+./changes.log:+./changes.log:+./changes.log:+./changes.log:+./changes.log:-+./changes.log:-grep --exclude="todo.log" -r "#ToDo" . > todo.log
---+./changes.log:+./changes.log:+./changes.log:+./changes.log:+./changes.log:-+./changes.log:-        while read targetDir 									#ToDo check if file already exists. Have flag for overwrite
---+./changes.log:+./changes.log:+./changes.log:+./changes.log:+./changes.log:-+./changes.log:-./testScr:grep --exclude="todo.log" -r "#ToDo" . > todo.log
---+./changes.log:+./changes.log:+./changes.log:+./changes.log:+./changes.log:-+./changes.log:-./testScr:        while read targetDir 									#ToDo check if file already exists. Have flag for overwrite
---+./changes.log:+./changes.log:+./changes.log:+./changes.log:+./changes.log:-+./changes.log:-./Labs/Elm01/ToDo:#ToDo Do some elm stuff
---+./changes.log:+./changes.log:+./changes.log:+./changes.log:+./changes.log:-+./changes.log:-./Labs/Elm01/ToDo:#ToDo end file
---+./changes.log:+./changes.log:+./changes.log:+./changes.log:+./changes.log:-+./changes.log:-./Labs/Bash01/ToDo:#ToDo add some stuff
---+./changes.log:+./changes.log:+./changes.log:+./changes.log:+./changes.log:-+./changes.log:-./Labs/Bash01/ToDo:#ToDo second add stuff
---+./changes.log:+./changes.log:+./changes.log:+./changes.log:+./changes.log:-+./changes.log:-./funScr:grep --exclude="todo.log" -r "#ToDo" . > todo.log
---+./changes.log:+./changes.log:+./changes.log:+./changes.log:+./changes.log:-+./changes.log:-./funScr:	while read targetDir #ToDo check if file already exists. Have flag for overwrite
---+./changes.log:+./changes.log:+./changes.log:+./changes.log:+./changes.log:-+./ProjectAnalyze.sh:grep --exclude="todo.log" -r "#ToDo" . > todo.log
---+./changes.log:+./changes.log:+./changes.log:+./changes.log:+./changes.log:-+./ProjectAnalyze.sh:        while read targetDir 									#ToDo check if file already exists. Have flag for overwrite
---+./changes.log:+./changes.log:+./changes.log:+./changes.log:+./changes.log:-+./funProjectAnalyze.sh:grep --exclude="todo.log" -r "#ToDo" . > todo.log
---+./changes.log:+./changes.log:+./changes.log:+./changes.log:+./changes.log:-+./funProjectAnalyze.sh:	while read targetDir #ToDo check if file already exists. Have flag for overwrite
---+./changes.log:+./changes.log:+./changes.log:+./changes.log: ./ProjectAnalyze.sh:grep --exclude="todo.log" -r "#ToDo" . > todo.log
---+./changes.log:+./changes.log:+./changes.log:+./changes.log:-./ProjectAnalyze.sh:        while read targetDir 									#ToDo check if file already exists. Have flag for overwrite
---+./changes.log:+./changes.log:+./changes.log:+./changes.log:+./ProjectAnalyze.sh:        while read targetDir 										#ToDo check if file already exists. Have flag for overwrite
---+./changes.log:+./changes.log:+./changes.log:+./changes.log: ./funProjectAnalyze.sh:grep --exclude="todo.log" -r "#ToDo" . > todo.log
---+./changes.log:+./changes.log:+./changes.log:+./changes.log: ./funProjectAnalyze.sh:	while read targetDir #ToDo check if file already exists. Have flag for overwrite
---+./changes.log:+./changes.log:+./changes.log: ./ProjectAnalyze.sh:grep --exclude="todo.log" -r "#ToDo" . > todo.log
---+./changes.log:+./changes.log:+./changes.log:-./ProjectAnalyze.sh:        while read targetDir 									#ToDo check if file already exists. Have flag for overwrite
---+./changes.log:+./changes.log:+./changes.log:+./ProjectAnalyze.sh:        while read targetDir 										#ToDo check if file already exists. Have flag for overwrite
---+./changes.log:+./changes.log:+./changes.log: ./funProjectAnalyze.sh:grep --exclude="todo.log" -r "#ToDo" . > todo.log
---+./changes.log:+./changes.log:+./changes.log: ./funProjectAnalyze.sh:	while read targetDir #ToDo check if file already exists. Have flag for overwrite
---+./changes.log:+./changes.log: ./ProjectAnalyze.sh:grep --exclude="todo.log" -r "#ToDo" . > todo.log
---+./changes.log:+./changes.log:-./ProjectAnalyze.sh:        while read targetDir 									#ToDo check if file already exists. Have flag for overwrite
---+./changes.log:+./changes.log:+./ProjectAnalyze.sh:        while read targetDir 										#ToDo check if file already exists. Have flag for overwrite
---+./changes.log:+./changes.log: ./funProjectAnalyze.sh:grep --exclude="todo.log" -r "#ToDo" . > todo.log
---+./changes.log:+./changes.log: ./funProjectAnalyze.sh:	while read targetDir #ToDo check if file already exists. Have flag for overwrite
---+./changes.log: ./ProjectAnalyze.sh:grep --exclude="todo.log" -r "#ToDo" . > todo.log
---+./changes.log:-./ProjectAnalyze.sh:        while read targetDir 									#ToDo check if file already exists. Have flag for overwrite
---+./changes.log:-./funProjectAnalyze.sh:grep --exclude="todo.log" -r "#ToDo" . > todo.log
---+./changes.log:-./funProjectAnalyze.sh:	while read targetDir #ToDo check if file already exists. Have flag for overwrite
---+./changes.log:+./ProjectAnalyze.sh:        while read targetDir 										#ToDo check if file already exists. Have flag for overwrite
--- ./ProjectAnalyze.sh:grep --exclude="todo.log" -r "#ToDo" . > todo.log
----./ProjectAnalyze.sh:        while read targetDir 									#ToDo check if file already exists. Have flag for overwrite
----./funProjectAnalyze.sh:grep --exclude="todo.log" -r "#ToDo" . > todo.log
----./funProjectAnalyze.sh:	while read targetDir #ToDo check if file already exists. Have flag for overwrite
---+./ProjectAnalyze.sh:        while read targetDir 										#ToDo check if file already exists. Have flag for overwrite
---
---
---[0;32mNew and Modified[1;37m
---
---
---[0;32mRemoved files:[1;37m
--
--
--[0;32mNew and Modified[1;37m
--
--
--[0;32mRemoved files:[1;37m
-diff --git a/error.log b/error.log
-deleted file mode 100644
-index 2d1463f..0000000
---- a/error.log
-+++ /dev/null
-@@ -1 +0,0 @@
--[1 of 1] Compiling Main             ( Labs/Haskell01/test.hs, nothing )
-diff --git a/testScrMan b/testScrMan
-index 10c6338..887ae4a 100644
---- a/testScrMan
-+++ b/testScrMan
-@@ -1,4 +1,5 @@
- -----------HELP----------
-+"help" displays this page
- u -> Update tracking
- i -> Interperted
- q -> Supress start text
-@@ -13,9 +14,9 @@ If #Ignore tag is found the file will be skipped
- helpPage 		-> Display current page
- startUp  		-> Run startup text
- mainStuff 		-> Run main code for assignment
--createDefault 	-> Create a default text file in each folder | Takes arg for append
-+createDefault 		-> Create a default text file in each folder | Takes argument for append
- addFiles 		-> Add files to git tracking
--removeFiles 	-> Remove files from git tracking
-+removeFiles 		-> Remove files from git tracking
- getStatus 		-> Get git status
- gitPush 		-> Push code to local git
--gitCommit 		-> Commit changes | Takes arg for optional message
-+gitCommit 		-> Commit changes | Takes argument for optional message
-diff --git a/todo.log b/todo.log
-deleted file mode 100644
-index 297e908..0000000
---- a/todo.log
-+++ /dev/null
-@@ -1,348 +0,0 @@
--./Labs/Elm01/ToDo:#ToDo Do some elm stuff
--./Labs/Elm01/ToDo:#ToDo end file
--./Labs/Bash01/ToDo:#ToDo add some stuff
--./Labs/Bash01/ToDo:#ToDo second add stuff
--./changes.log:---grep --exclude="todo.log" -r "#ToDo" . > todo.log
--./changes.log:---	while read targetDir #ToDo check if file already exists. Have flag for overwrite
--./changes.log:---grep --exclude="todo.log" -r "#ToDo" . > todo.log
--./changes.log:---        while read targetDir 									#ToDo check if file already exists. Have flag for overwrite
--./changes.log:---./testScr:grep --exclude="todo.log" -r "#ToDo" . > todo.log
--./changes.log:---./testScr:        while read targetDir 									#ToDo check if file already exists. Have flag for overwrite
--./changes.log:-- ./Labs/Elm01/ToDo:#ToDo Do some elm stuff
--./changes.log:-- ./Labs/Elm01/ToDo:#ToDo end file
--./changes.log:-- ./Labs/Bash01/ToDo:#ToDo add some stuff
--./changes.log:-- ./Labs/Bash01/ToDo:#ToDo second add stuff
--./changes.log:---./funScr:grep --exclude="todo.log" -r "#ToDo" . > todo.log
--./changes.log:---./funScr:	while read targetDir #ToDo check if file already exists. Have flag for overwrite
--./changes.log:--+./changes.log:-grep --exclude="todo.log" -r "#ToDo" . > todo.log
--./changes.log:--+./changes.log:-	while read targetDir #ToDo check if file already exists. Have flag for overwrite
--./changes.log:--+./changes.log:-grep --exclude="todo.log" -r "#ToDo" . > todo.log
--./changes.log:--+./changes.log:-        while read targetDir 									#ToDo check if file already exists. Have flag for overwrite
--./changes.log:--+./changes.log:-./testScr:grep --exclude="todo.log" -r "#ToDo" . > todo.log
--./changes.log:--+./changes.log:-./testScr:        while read targetDir 									#ToDo check if file already exists. Have flag for overwrite
--./changes.log:--+./changes.log:-./Labs/Elm01/ToDo:#ToDo Do some elm stuff
--./changes.log:--+./changes.log:-./Labs/Elm01/ToDo:#ToDo end file
--./changes.log:--+./changes.log:-./Labs/Bash01/ToDo:#ToDo add some stuff
--./changes.log:--+./changes.log:-./Labs/Bash01/ToDo:#ToDo second add stuff
--./changes.log:--+./changes.log:-./funScr:grep --exclude="todo.log" -r "#ToDo" . > todo.log
--./changes.log:--+./changes.log:-./funScr:	while read targetDir #ToDo check if file already exists. Have flag for overwrite
--./changes.log:--+./ProjectAnalyze.sh:grep --exclude="todo.log" -r "#ToDo" . > todo.log
--./changes.log:--+./ProjectAnalyze.sh:        while read targetDir 									#ToDo check if file already exists. Have flag for overwrite
--./changes.log:--+./funProjectAnalyze.sh:grep --exclude="todo.log" -r "#ToDo" . > todo.log
--./changes.log:--+./funProjectAnalyze.sh:	while read targetDir #ToDo check if file already exists. Have flag for overwrite
--./changes.log:- ./Labs/Elm01/ToDo:#ToDo end file
--./changes.log:- ./Labs/Bash01/ToDo:#ToDo add some stuff
--./changes.log:- ./Labs/Bash01/ToDo:#ToDo second add stuff
--./changes.log:--./changes.log:-grep --exclude="todo.log" -r "#ToDo" . > todo.log
--./changes.log:--./changes.log:-	while read targetDir #ToDo check if file already exists. Have flag for overwrite
--./changes.log:--./changes.log:-grep --exclude="todo.log" -r "#ToDo" . > todo.log
--./changes.log:--./changes.log:-        while read targetDir 									#ToDo check if file already exists. Have flag for overwrite
--./changes.log:--./changes.log:-./testScr:grep --exclude="todo.log" -r "#ToDo" . > todo.log
--./changes.log:--./changes.log:-./testScr:        while read targetDir 									#ToDo check if file already exists. Have flag for overwrite
--./changes.log:--./changes.log: ./Labs/Elm01/ToDo:#ToDo Do some elm stuff
--./changes.log:-+./changes.log:--grep --exclude="todo.log" -r "#ToDo" . > todo.log
--./changes.log:-+./changes.log:--	while read targetDir #ToDo check if file already exists. Have flag for overwrite
--./changes.log:-+./changes.log:--grep --exclude="todo.log" -r "#ToDo" . > todo.log
--./changes.log:-+./changes.log:--        while read targetDir 									#ToDo check if file already exists. Have flag for overwrite
--./changes.log:-+./changes.log:--./testScr:grep --exclude="todo.log" -r "#ToDo" . > todo.log
--./changes.log:-+./changes.log:--./testScr:        while read targetDir 									#ToDo check if file already exists. Have flag for overwrite
--./changes.log:-+./changes.log:- ./Labs/Elm01/ToDo:#ToDo Do some elm stuff
--./changes.log:-+./changes.log:- ./Labs/Elm01/ToDo:#ToDo end file
--./changes.log:-+./changes.log:- ./Labs/Bash01/ToDo:#ToDo add some stuff
--./changes.log:-+./changes.log:- ./Labs/Bash01/ToDo:#ToDo second add stuff
--./changes.log:-+./changes.log:--./funScr:grep --exclude="todo.log" -r "#ToDo" . > todo.log
--./changes.log:-+./changes.log:--./funScr:	while read targetDir #ToDo check if file already exists. Have flag for overwrite
--./changes.log:-+./changes.log:-+./changes.log:-grep --exclude="todo.log" -r "#ToDo" . > todo.log
--./changes.log:-+./changes.log:-+./changes.log:-	while read targetDir #ToDo check if file already exists. Have flag for overwrite
--./changes.log:-+./changes.log:-+./changes.log:-grep --exclude="todo.log" -r "#ToDo" . > todo.log
--./changes.log:-+./changes.log:-+./changes.log:-        while read targetDir 									#ToDo check if file already exists. Have flag for overwrite
--./changes.log:-+./changes.log:-+./changes.log:-./testScr:grep --exclude="todo.log" -r "#ToDo" . > todo.log
--./changes.log:-+./changes.log:-+./changes.log:-./testScr:        while read targetDir 									#ToDo check if file already exists. Have flag for overwrite
--./changes.log:-+./changes.log:-+./changes.log:-./Labs/Elm01/ToDo:#ToDo Do some elm stuff
--./changes.log:-+./changes.log:-+./changes.log:-./Labs/Elm01/ToDo:#ToDo end file
--./changes.log:-+./changes.log:-+./changes.log:-./Labs/Bash01/ToDo:#ToDo add some stuff
--./changes.log:-+./changes.log:-+./changes.log:-./Labs/Bash01/ToDo:#ToDo second add stuff
--./changes.log:-+./changes.log:-+./changes.log:-./funScr:grep --exclude="todo.log" -r "#ToDo" . > todo.log
--./changes.log:-+./changes.log:-+./changes.log:-./funScr:	while read targetDir #ToDo check if file already exists. Have flag for overwrite
--./changes.log:-+./changes.log:-+./ProjectAnalyze.sh:grep --exclude="todo.log" -r "#ToDo" . > todo.log
--./changes.log:-+./changes.log:-+./ProjectAnalyze.sh:        while read targetDir 									#ToDo check if file already exists. Have flag for overwrite
--./changes.log:-+./changes.log:-+./funProjectAnalyze.sh:grep --exclude="todo.log" -r "#ToDo" . > todo.log
--./changes.log:-+./changes.log:-+./funProjectAnalyze.sh:	while read targetDir #ToDo check if file already exists. Have flag for overwrite
--./changes.log:- ./changes.log: ./Labs/Elm01/ToDo:#ToDo end file
--./changes.log:- ./changes.log: ./Labs/Bash01/ToDo:#ToDo add some stuff
--./changes.log:- ./changes.log: ./Labs/Bash01/ToDo:#ToDo second add stuff
--./changes.log:--./changes.log:-./funScr:grep --exclude="todo.log" -r "#ToDo" . > todo.log
--./changes.log:--./changes.log:-./funScr:	while read targetDir #ToDo check if file already exists. Have flag for overwrite
--./changes.log:--./changes.log:+./changes.log:-grep --exclude="todo.log" -r "#ToDo" . > todo.log
--./changes.log:--./changes.log:+./changes.log:-	while read targetDir #ToDo check if file already exists. Have flag for overwrite
--./changes.log:--./changes.log:+./changes.log:-grep --exclude="todo.log" -r "#ToDo" . > todo.log
--./changes.log:--./changes.log:+./changes.log:-        while read targetDir 									#ToDo check if file already exists. Have flag for overwrite
--./changes.log:--./changes.log:+./changes.log:-./testScr:grep --exclude="todo.log" -r "#ToDo" . > todo.log
--./changes.log:--./changes.log:+./changes.log:-./testScr:        while read targetDir 									#ToDo check if file already exists. Have flag for overwrite
--./changes.log:--./changes.log:+./changes.log:-./Labs/Elm01/ToDo:#ToDo Do some elm stuff
--./changes.log:--./changes.log:+./changes.log:-./Labs/Elm01/ToDo:#ToDo end file
--./changes.log:--./changes.log:+./changes.log:-./Labs/Bash01/ToDo:#ToDo add some stuff
--./changes.log:--./changes.log:+./changes.log:-./Labs/Bash01/ToDo:#ToDo second add stuff
--./changes.log:--./changes.log:+./changes.log:-./funScr:grep --exclude="todo.log" -r "#ToDo" . > todo.log
--./changes.log:--./changes.log:+./changes.log:-./funScr:	while read targetDir #ToDo check if file already exists. Have flag for overwrite
--./changes.log:--./changes.log:+./ProjectAnalyze.sh:grep --exclude="todo.log" -r "#ToDo" . > todo.log
--./changes.log:--./changes.log:+./ProjectAnalyze.sh:        while read targetDir 									#ToDo check if file already exists. Have flag for overwrite
--./changes.log:--./changes.log:+./funProjectAnalyze.sh:grep --exclude="todo.log" -r "#ToDo" . > todo.log
--./changes.log:--./changes.log:+./funProjectAnalyze.sh:	while read targetDir #ToDo check if file already exists. Have flag for overwrite
--./changes.log:-+./changes.log:-./changes.log:-grep --exclude="todo.log" -r "#ToDo" . > todo.log
--./changes.log:-+./changes.log:-./changes.log:-	while read targetDir #ToDo check if file already exists. Have flag for overwrite
--./changes.log:-+./changes.log:-./changes.log:-grep --exclude="todo.log" -r "#ToDo" . > todo.log
--./changes.log:-+./changes.log:-./changes.log:-        while read targetDir 									#ToDo check if file already exists. Have flag for overwrite
--./changes.log:-+./changes.log:-./changes.log:-./testScr:grep --exclude="todo.log" -r "#ToDo" . > todo.log
--./changes.log:-+./changes.log:-./changes.log:-./testScr:        while read targetDir 									#ToDo check if file already exists. Have flag for overwrite
--./changes.log:-+./changes.log:-./changes.log: ./Labs/Elm01/ToDo:#ToDo Do some elm stuff
--./changes.log:-+./changes.log:+./changes.log:--grep --exclude="todo.log" -r "#ToDo" . > todo.log
--./changes.log:-+./changes.log:+./changes.log:--	while read targetDir #ToDo check if file already exists. Have flag for overwrite
--./changes.log:-+./changes.log:+./changes.log:--grep --exclude="todo.log" -r "#ToDo" . > todo.log
--./changes.log:-+./changes.log:+./changes.log:--        while read targetDir 									#ToDo check if file already exists. Have flag for overwrite
--./changes.log:-+./changes.log:+./changes.log:--./testScr:grep --exclude="todo.log" -r "#ToDo" . > todo.log
--./changes.log:-+./changes.log:+./changes.log:--./testScr:        while read targetDir 									#ToDo check if file already exists. Have flag for overwrite
--./changes.log:-+./changes.log:+./changes.log:- ./Labs/Elm01/ToDo:#ToDo Do some elm stuff
--./changes.log:-+./changes.log:+./changes.log:- ./Labs/Elm01/ToDo:#ToDo end file
--./changes.log:-+./changes.log:+./changes.log:- ./Labs/Bash01/ToDo:#ToDo add some stuff
--./changes.log:-+./changes.log:+./changes.log:- ./Labs/Bash01/ToDo:#ToDo second add stuff
--./changes.log:-+./changes.log:+./changes.log:--./funScr:grep --exclude="todo.log" -r "#ToDo" . > todo.log
--./changes.log:-+./changes.log:+./changes.log:--./funScr:	while read targetDir #ToDo check if file already exists. Have flag for overwrite
--./changes.log:-+./changes.log:+./changes.log:-+./changes.log:-grep --exclude="todo.log" -r "#ToDo" . > todo.log
--./changes.log:-+./changes.log:+./changes.log:-+./changes.log:-	while read targetDir #ToDo check if file already exists. Have flag for overwrite
--./changes.log:-+./changes.log:+./changes.log:-+./changes.log:-grep --exclude="todo.log" -r "#ToDo" . > todo.log
--./changes.log:-+./changes.log:+./changes.log:-+./changes.log:-        while read targetDir 									#ToDo check if file already exists. Have flag for overwrite
--./changes.log:-+./changes.log:+./changes.log:-+./changes.log:-./testScr:grep --exclude="todo.log" -r "#ToDo" . > todo.log
--./changes.log:-+./changes.log:+./changes.log:-+./changes.log:-./testScr:        while read targetDir 									#ToDo check if file already exists. Have flag for overwrite
--./changes.log:-+./changes.log:+./changes.log:-+./changes.log:-./Labs/Elm01/ToDo:#ToDo Do some elm stuff
--./changes.log:-+./changes.log:+./changes.log:-+./changes.log:-./Labs/Elm01/ToDo:#ToDo end file
--./changes.log:-+./changes.log:+./changes.log:-+./changes.log:-./Labs/Bash01/ToDo:#ToDo add some stuff
--./changes.log:-+./changes.log:+./changes.log:-+./changes.log:-./Labs/Bash01/ToDo:#ToDo second add stuff
--./changes.log:-+./changes.log:+./changes.log:-+./changes.log:-./funScr:grep --exclude="todo.log" -r "#ToDo" . > todo.log
--./changes.log:-+./changes.log:+./changes.log:-+./changes.log:-./funScr:	while read targetDir #ToDo check if file already exists. Have flag for overwrite
--./changes.log:-+./changes.log:+./changes.log:-+./ProjectAnalyze.sh:grep --exclude="todo.log" -r "#ToDo" . > todo.log
--./changes.log:-+./changes.log:+./changes.log:-+./ProjectAnalyze.sh:        while read targetDir 									#ToDo check if file already exists. Have flag for overwrite
--./changes.log:-+./changes.log:+./changes.log:-+./funProjectAnalyze.sh:grep --exclude="todo.log" -r "#ToDo" . > todo.log
--./changes.log:-+./changes.log:+./changes.log:-+./funProjectAnalyze.sh:	while read targetDir #ToDo check if file already exists. Have flag for overwrite
--./changes.log:-+./changes.log: ./changes.log: ./Labs/Elm01/ToDo:#ToDo end file
--./changes.log:-+./changes.log: ./changes.log: ./Labs/Bash01/ToDo:#ToDo add some stuff
--./changes.log:-+./changes.log: ./changes.log: ./Labs/Bash01/ToDo:#ToDo second add stuff
--./changes.log:-+./changes.log:-./changes.log:-./funScr:grep --exclude="todo.log" -r "#ToDo" . > todo.log
--./changes.log:-+./changes.log:-./changes.log:-./funScr:	while read targetDir #ToDo check if file already exists. Have flag for overwrite
--./changes.log:-+./changes.log:-./changes.log:+./changes.log:-grep --exclude="todo.log" -r "#ToDo" . > todo.log
--./changes.log:-+./changes.log:-./changes.log:+./changes.log:-	while read targetDir #ToDo check if file already exists. Have flag for overwrite
--./changes.log:-+./changes.log:-./changes.log:+./changes.log:-grep --exclude="todo.log" -r "#ToDo" . > todo.log
--./changes.log:-+./changes.log:-./changes.log:+./changes.log:-        while read targetDir 									#ToDo check if file already exists. Have flag for overwrite
--./changes.log:-+./changes.log:-./changes.log:+./changes.log:-./testScr:grep --exclude="todo.log" -r "#ToDo" . > todo.log
--./changes.log:-+./changes.log:-./changes.log:+./changes.log:-./testScr:        while read targetDir 									#ToDo check if file already exists. Have flag for overwrite
--./changes.log:-+./changes.log:-./changes.log:+./changes.log:-./Labs/Elm01/ToDo:#ToDo Do some elm stuff
--./changes.log:-+./changes.log:-./changes.log:+./changes.log:-./Labs/Elm01/ToDo:#ToDo end file
--./changes.log:-+./changes.log:-./changes.log:+./changes.log:-./Labs/Bash01/ToDo:#ToDo add some stuff
--./changes.log:-+./changes.log:-./changes.log:+./changes.log:-./Labs/Bash01/ToDo:#ToDo second add stuff
--./changes.log:-+./changes.log:-./changes.log:+./changes.log:-./funScr:grep --exclude="todo.log" -r "#ToDo" . > todo.log
--./changes.log:-+./changes.log:-./changes.log:+./changes.log:-./funScr:	while read targetDir #ToDo check if file already exists. Have flag for overwrite
--./changes.log:-+./changes.log:-./changes.log:+./ProjectAnalyze.sh:grep --exclude="todo.log" -r "#ToDo" . > todo.log
--./changes.log:-+./changes.log:-./changes.log:+./ProjectAnalyze.sh:        while read targetDir 									#ToDo check if file already exists. Have flag for overwrite
--./changes.log:-+./changes.log:-./changes.log:+./funProjectAnalyze.sh:grep --exclude="todo.log" -r "#ToDo" . > todo.log
--./changes.log:-+./changes.log:-./changes.log:+./funProjectAnalyze.sh:	while read targetDir #ToDo check if file already exists. Have flag for overwrite
--./changes.log:-+./changes.log:+./changes.log:-./changes.log:-grep --exclude="todo.log" -r "#ToDo" . > todo.log
--./changes.log:-+./changes.log:+./changes.log:-./changes.log:-	while read targetDir #ToDo check if file already exists. Have flag for overwrite
--./changes.log:-+./changes.log:+./changes.log:-./changes.log:-grep --exclude="todo.log" -r "#ToDo" . > todo.log
--./changes.log:-+./changes.log:+./changes.log:+./changes.log: grep --exclude="todo.log" -r "#ToDo" . > todo.log
--./changes.log:-+./changes.log:+./changes.log: ./changes.log:-        while read targetDir 									#ToDo check if file already exists. Have flag for overwrite
--./changes.log:-+./changes.log:+./changes.log:-./changes.log:-./testScr:grep --exclude="todo.log" -r "#ToDo" . > todo.log
--./changes.log:-+./changes.log:+./changes.log:-./changes.log:-./testScr:        while read targetDir 									#ToDo check if file already exists. Have flag for overwrite
--./changes.log:-+./changes.log:+./changes.log:-./changes.log: ./Labs/Elm01/ToDo:#ToDo Do some elm stuff
--./changes.log:-+./changes.log:+./changes.log:+./changes.log:+        while read targetDir 										#ToDo check if file already exists. Have flag for overwrite
--./changes.log:-+./changes.log:+./changes.log:+./changes.log:--grep --exclude="todo.log" -r "#ToDo" . > todo.log
--./changes.log:-+./changes.log:+./changes.log:+./changes.log:--	while read targetDir #ToDo check if file already exists. Have flag for overwrite
--./changes.log:-+./changes.log:+./changes.log:+./changes.log:--grep --exclude="todo.log" -r "#ToDo" . > todo.log
--./changes.log:-+./changes.log:+./changes.log:+./changes.log:--        while read targetDir 									#ToDo check if file already exists. Have flag for overwrite
--./changes.log:-+./changes.log:+./changes.log:+./changes.log:--./testScr:grep --exclude="todo.log" -r "#ToDo" . > todo.log
--./changes.log:-+./changes.log:+./changes.log:+./changes.log:--./testScr:        while read targetDir 									#ToDo check if file already exists. Have flag for overwrite
--./changes.log:-+./changes.log:+./changes.log:+./changes.log:- ./Labs/Elm01/ToDo:#ToDo Do some elm stuff
--./changes.log:-+./changes.log:+./changes.log:+./changes.log:- ./Labs/Elm01/ToDo:#ToDo end file
--./changes.log:-+./changes.log:+./changes.log:+./changes.log:- ./Labs/Bash01/ToDo:#ToDo add some stuff
--./changes.log:-+./changes.log:+./changes.log:+./changes.log:- ./Labs/Bash01/ToDo:#ToDo second add stuff
--./changes.log:-+./changes.log:+./changes.log:+./changes.log:--./funScr:grep --exclude="todo.log" -r "#ToDo" . > todo.log
--./changes.log:-+./changes.log:+./changes.log:+./changes.log:--./funScr:	while read targetDir #ToDo check if file already exists. Have flag for overwrite
--./changes.log:-+./changes.log:+./changes.log:+./changes.log:-+./changes.log:-grep --exclude="todo.log" -r "#ToDo" . > todo.log
--./changes.log:-+./changes.log:+./changes.log:+./changes.log:-+./changes.log:-	while read targetDir #ToDo check if file already exists. Have flag for overwrite
--./changes.log:-+./changes.log:+./changes.log:+./changes.log:-+./changes.log:-grep --exclude="todo.log" -r "#ToDo" . > todo.log
--./changes.log:-+./changes.log:+./changes.log:+./changes.log:-+./changes.log:-        while read targetDir 									#ToDo check if file already exists. Have flag for overwrite
--./changes.log:-+./changes.log:+./changes.log:+./changes.log:-+./changes.log:-./testScr:grep --exclude="todo.log" -r "#ToDo" . > todo.log
--./changes.log:-+./changes.log:+./changes.log:+./changes.log:-+./changes.log:-./testScr:        while read targetDir 									#ToDo check if file already exists. Have flag for overwrite
--./changes.log:-+./changes.log:+./changes.log:+./changes.log:-+./changes.log:-./Labs/Elm01/ToDo:#ToDo Do some elm stuff
--./changes.log:-+./changes.log:+./changes.log:+./changes.log:-+./changes.log:-./Labs/Elm01/ToDo:#ToDo end file
--./changes.log:-+./changes.log:+./changes.log:+./changes.log:-+./changes.log:-./Labs/Bash01/ToDo:#ToDo add some stuff
--./changes.log:-+./changes.log:+./changes.log:+./changes.log:-+./changes.log:-./Labs/Bash01/ToDo:#ToDo second add stuff
--./changes.log:-+./changes.log:+./changes.log:+./changes.log:-+./changes.log:-./funScr:grep --exclude="todo.log" -r "#ToDo" . > todo.log
--./changes.log:-+./changes.log:+./changes.log:+./changes.log:-+./changes.log:-./funScr:	while read targetDir #ToDo check if file already exists. Have flag for overwrite
--./changes.log:-+./changes.log:+./changes.log:+./changes.log:-+./ProjectAnalyze.sh:grep --exclude="todo.log" -r "#ToDo" . > todo.log
--./changes.log:-+./changes.log:+./changes.log:+./changes.log:-+./ProjectAnalyze.sh:        while read targetDir 									#ToDo check if file already exists. Have flag for overwrite
--./changes.log:-+./changes.log:+./changes.log:+./changes.log:-+./funProjectAnalyze.sh:grep --exclude="todo.log" -r "#ToDo" . > todo.log
--./changes.log:-+./changes.log:+./changes.log:+./changes.log:-+./funProjectAnalyze.sh:	while read targetDir #ToDo check if file already exists. Have flag for overwrite
--./changes.log:-+./changes.log:+./changes.log: ./changes.log: ./Labs/Elm01/ToDo:#ToDo end file
--./changes.log:-+./changes.log:+./changes.log: ./changes.log: ./Labs/Bash01/ToDo:#ToDo add some stuff
--./changes.log:-+./changes.log:+./changes.log: ./changes.log: ./Labs/Bash01/ToDo:#ToDo second add stuff
--./changes.log:-+./changes.log:+./changes.log:-./changes.log:-./funScr:grep --exclude="todo.log" -r "#ToDo" . > todo.log
--./changes.log:-+./changes.log:+./changes.log:-./changes.log:-./funScr:	while read targetDir #ToDo check if file already exists. Have flag for overwrite
--./changes.log:-+./changes.log:+./changes.log:-./changes.log:+./changes.log:-grep --exclude="todo.log" -r "#ToDo" . > todo.log
--./changes.log:-+./changes.log:+./changes.log:-./changes.log:+./changes.log:-	while read targetDir #ToDo check if file already exists. Have flag for overwrite
--./changes.log:-+./changes.log:+./changes.log:-./changes.log:+./changes.log:-grep --exclude="todo.log" -r "#ToDo" . > todo.log
--./changes.log:-+./changes.log:+./changes.log:-./changes.log:+./changes.log:-        while read targetDir 									#ToDo check if file already exists. Have flag for overwrite
--./changes.log:-+./changes.log:+./changes.log:-./changes.log:+./changes.log:-./testScr:grep --exclude="todo.log" -r "#ToDo" . > todo.log
--./changes.log:-+./changes.log:+./changes.log:-./changes.log:+./changes.log:-./testScr:        while read targetDir 									#ToDo check if file already exists. Have flag for overwrite
--./changes.log:-+./changes.log:+./changes.log:-./changes.log:+./changes.log:-./Labs/Elm01/ToDo:#ToDo Do some elm stuff
--./changes.log:-+./changes.log:+./changes.log:-./changes.log:+./changes.log:-./Labs/Elm01/ToDo:#ToDo end file
--./changes.log:-+./changes.log:+./changes.log:-./changes.log:+./changes.log:-./Labs/Bash01/ToDo:#ToDo add some stuff
--./changes.log:-+./changes.log:+./changes.log:-./changes.log:+./changes.log:-./Labs/Bash01/ToDo:#ToDo second add stuff
--./changes.log:-+./changes.log:+./changes.log:-./changes.log:+./changes.log:-./funScr:grep --exclude="todo.log" -r "#ToDo" . > todo.log
--./changes.log:-+./changes.log:+./changes.log:-./changes.log:+./changes.log:-./funScr:	while read targetDir #ToDo check if file already exists. Have flag for overwrite
--./changes.log:-+./changes.log:+./changes.log:-./changes.log:+./ProjectAnalyze.sh:grep --exclude="todo.log" -r "#ToDo" . > todo.log
--./changes.log:-+./changes.log:+./changes.log:-./changes.log:+./ProjectAnalyze.sh:        while read targetDir 									#ToDo check if file already exists. Have flag for overwrite
--./changes.log:-+./changes.log:+./changes.log:-./changes.log:+./funProjectAnalyze.sh:grep --exclude="todo.log" -r "#ToDo" . > todo.log
--./changes.log:-+./changes.log:+./changes.log:-./changes.log:+./funProjectAnalyze.sh:	while read targetDir #ToDo check if file already exists. Have flag for overwrite
--./changes.log:-+./changes.log:+./changes.log:+./changes.log:-./changes.log:-grep --exclude="todo.log" -r "#ToDo" . > todo.log
--./changes.log:-+./changes.log:+./changes.log:+./changes.log:-./changes.log:-	while read targetDir #ToDo check if file already exists. Have flag for overwrite
--./changes.log:-+./changes.log:+./changes.log:+./changes.log:-./changes.log:-grep --exclude="todo.log" -r "#ToDo" . > todo.log
--./changes.log:-+./changes.log:+./changes.log:+./changes.log:+./changes.log: grep --exclude="todo.log" -r "#ToDo" . > todo.log
--./changes.log:-+./changes.log:+./changes.log:+./changes.log: ./changes.log:-        while read targetDir 									#ToDo check if file already exists. Have flag for overwrite
--./changes.log:-+./changes.log:+./changes.log:+./changes.log:-./changes.log:-./testScr:grep --exclude="todo.log" -r "#ToDo" . > todo.log
--./changes.log:-+./changes.log:+./changes.log:+./changes.log:-./changes.log:-./testScr:        while read targetDir 									#ToDo check if file already exists. Have flag for overwrite
--./changes.log:-+./changes.log:+./changes.log:+./changes.log:-./changes.log: ./Labs/Elm01/ToDo:#ToDo Do some elm stuff
--./changes.log:-+./changes.log:+./changes.log:+./changes.log:+./changes.log:+        while read targetDir 										#ToDo check if file already exists. Have flag for overwrite
--./changes.log:-+./changes.log:+./changes.log:+./changes.log:+./changes.log:--grep --exclude="todo.log" -r "#ToDo" . > todo.log
--./changes.log:-+./changes.log:+./changes.log:+./changes.log:+./changes.log:--	while read targetDir #ToDo check if file already exists. Have flag for overwrite
--./changes.log:-+./changes.log:+./changes.log:+./changes.log:+./changes.log:--grep --exclude="todo.log" -r "#ToDo" . > todo.log
--./changes.log:-+./changes.log:+./changes.log:+./changes.log:+./changes.log:--        while read targetDir 									#ToDo check if file already exists. Have flag for overwrite
--./changes.log:-+./changes.log:+./changes.log:+./changes.log:+./changes.log:--./testScr:grep --exclude="todo.log" -r "#ToDo" . > todo.log
--./changes.log:-+./changes.log:+./changes.log:+./changes.log:+./changes.log:--./testScr:        while read targetDir 									#ToDo check if file already exists. Have flag for overwrite
--./changes.log:-+./changes.log:+./changes.log:+./changes.log:+./changes.log:- ./Labs/Elm01/ToDo:#ToDo Do some elm stuff
--./changes.log:-+./changes.log:+./changes.log:+./changes.log:+./changes.log:- ./Labs/Elm01/ToDo:#ToDo end file
--./changes.log:-+./changes.log:+./changes.log:+./changes.log:+./changes.log:- ./Labs/Bash01/ToDo:#ToDo add some stuff
--./changes.log:-+./changes.log:+./changes.log:+./changes.log:+./changes.log:- ./Labs/Bash01/ToDo:#ToDo second add stuff
--./changes.log:-+./changes.log:+./changes.log:+./changes.log:+./changes.log:--./funScr:grep --exclude="todo.log" -r "#ToDo" . > todo.log
--./changes.log:-+./changes.log:+./changes.log:+./changes.log:+./changes.log:--./funScr:	while read targetDir #ToDo check if file already exists. Have flag for overwrite
--./changes.log:-+./changes.log:+./changes.log:+./changes.log:+./changes.log:-+./changes.log:-grep --exclude="todo.log" -r "#ToDo" . > todo.log
--./changes.log:-+./changes.log:+./changes.log:+./changes.log:+./changes.log:-+./changes.log:-	while read targetDir #ToDo check if file already exists. Have flag for overwrite
--./changes.log:-+./changes.log:+./changes.log:+./changes.log:+./changes.log:-+./changes.log:-grep --exclude="todo.log" -r "#ToDo" . > todo.log
--./changes.log:-+./changes.log:+./changes.log:+./changes.log:+./changes.log:-+./changes.log:-        while read targetDir 									#ToDo check if file already exists. Have flag for overwrite
--./changes.log:-+./changes.log:+./changes.log:+./changes.log:+./changes.log:-+./changes.log:-./testScr:grep --exclude="todo.log" -r "#ToDo" . > todo.log
--./changes.log:-+./changes.log:+./changes.log:+./changes.log:+./changes.log:-+./changes.log:-./testScr:        while read targetDir 									#ToDo check if file already exists. Have flag for overwrite
--./changes.log:-+./changes.log:+./changes.log:+./changes.log:+./changes.log:-+./changes.log:-./Labs/Elm01/ToDo:#ToDo Do some elm stuff
--./changes.log:-+./changes.log:+./changes.log:+./changes.log:+./changes.log:-+./changes.log:-./Labs/Elm01/ToDo:#ToDo end file
--./changes.log:-+./changes.log:+./changes.log:+./changes.log:+./changes.log:-+./changes.log:-./Labs/Bash01/ToDo:#ToDo add some stuff
--./changes.log:-+./changes.log:+./changes.log:+./changes.log:+./changes.log:-+./changes.log:-./Labs/Bash01/ToDo:#ToDo second add stuff
--./changes.log:-+./changes.log:+./changes.log:+./changes.log:+./changes.log:-+./changes.log:-./funScr:grep --exclude="todo.log" -r "#ToDo" . > todo.log
--./changes.log:-+./changes.log:+./changes.log:+./changes.log:+./changes.log:-+./changes.log:-./funScr:	while read targetDir #ToDo check if file already exists. Have flag for overwrite
--./changes.log:-+./changes.log:+./changes.log:+./changes.log:+./changes.log:-+./ProjectAnalyze.sh:grep --exclude="todo.log" -r "#ToDo" . > todo.log
--./changes.log:-+./changes.log:+./changes.log:+./changes.log:+./changes.log:-+./ProjectAnalyze.sh:        while read targetDir 									#ToDo check if file already exists. Have flag for overwrite
--./changes.log:-+./changes.log:+./changes.log:+./changes.log:+./changes.log:-+./funProjectAnalyze.sh:grep --exclude="todo.log" -r "#ToDo" . > todo.log
--./changes.log:-+./changes.log:+./changes.log:+./changes.log:+./changes.log:-+./funProjectAnalyze.sh:	while read targetDir #ToDo check if file already exists. Have flag for overwrite
--./changes.log:-+./changes.log:+./changes.log:+./changes.log: ./changes.log: ./Labs/Elm01/ToDo:#ToDo end file
--./changes.log:-+./changes.log:+./changes.log:+./changes.log: ./changes.log: ./Labs/Bash01/ToDo:#ToDo add some stuff
--./changes.log:-+./changes.log:+./changes.log:+./changes.log: ./changes.log: ./Labs/Bash01/ToDo:#ToDo second add stuff
--./changes.log:-+./changes.log:+./changes.log:+./changes.log:-./changes.log:-./funScr:grep --exclude="todo.log" -r "#ToDo" . > todo.log
--./changes.log:-+./changes.log:+./changes.log:+./changes.log:-./changes.log:-./funScr:	while read targetDir #ToDo check if file already exists. Have flag for overwrite
--./changes.log:-+./changes.log:+./changes.log:+./changes.log:-./changes.log:+./changes.log:-grep --exclude="todo.log" -r "#ToDo" . > todo.log
--./changes.log:-+./changes.log:+./changes.log:+./changes.log:-./changes.log:+./changes.log:-	while read targetDir #ToDo check if file already exists. Have flag for overwrite
--./changes.log:-+./changes.log:+./changes.log:+./changes.log:-./changes.log:+./changes.log:-grep --exclude="todo.log" -r "#ToDo" . > todo.log
--./changes.log:-+./changes.log:+./changes.log:+./changes.log:-./changes.log:+./changes.log:-        while read targetDir 									#ToDo check if file already exists. Have flag for overwrite
--./changes.log:-+./changes.log:+./changes.log:+./changes.log:-./changes.log:+./changes.log:-./testScr:grep --exclude="todo.log" -r "#ToDo" . > todo.log
--./changes.log:-+./changes.log:+./changes.log:+./changes.log:-./changes.log:+./changes.log:-./testScr:        while read targetDir 									#ToDo check if file already exists. Have flag for overwrite
--./changes.log:-+./changes.log:+./changes.log:+./changes.log:-./changes.log:+./changes.log:-./Labs/Elm01/ToDo:#ToDo Do some elm stuff
--./changes.log:-+./changes.log:+./changes.log:+./changes.log:-./changes.log:+./changes.log:-./Labs/Elm01/ToDo:#ToDo end file
--./changes.log:-+./changes.log:+./changes.log:+./changes.log:-./changes.log:+./changes.log:-./Labs/Bash01/ToDo:#ToDo add some stuff
--./changes.log:-+./changes.log:+./changes.log:+./changes.log:-./changes.log:+./changes.log:-./Labs/Bash01/ToDo:#ToDo second add stuff
--./changes.log:-+./changes.log:+./changes.log:+./changes.log:-./changes.log:+./changes.log:-./funScr:grep --exclude="todo.log" -r "#ToDo" . > todo.log
--./changes.log:-+./changes.log:+./changes.log:+./changes.log:-./changes.log:+./changes.log:-./funScr:	while read targetDir #ToDo check if file already exists. Have flag for overwrite
--./changes.log:-+./changes.log:+./changes.log:+./changes.log:-./changes.log:+./ProjectAnalyze.sh:grep --exclude="todo.log" -r "#ToDo" . > todo.log
--./changes.log:-+./changes.log:+./changes.log:+./changes.log:-./changes.log:+./ProjectAnalyze.sh:        while read targetDir 									#ToDo check if file already exists. Have flag for overwrite
--./changes.log:-+./changes.log:+./changes.log:+./changes.log:-./changes.log:+./funProjectAnalyze.sh:grep --exclude="todo.log" -r "#ToDo" . > todo.log
--./changes.log:-+./changes.log:+./changes.log:+./changes.log:-./changes.log:+./funProjectAnalyze.sh:	while read targetDir #ToDo check if file already exists. Have flag for overwrite
--./changes.log:-+./changes.log:+./changes.log:+./changes.log:+./changes.log:-./changes.log:-grep --exclude="todo.log" -r "#ToDo" . > todo.log
--./changes.log:-+./changes.log:+./changes.log:+./changes.log:+./changes.log:-./changes.log:-	while read targetDir #ToDo check if file already exists. Have flag for overwrite
--./changes.log:-+./changes.log:+./changes.log:+./changes.log:+./changes.log:-./changes.log:-grep --exclude="todo.log" -r "#ToDo" . > todo.log
--./changes.log:-+./changes.log:+./changes.log:+./changes.log:+./changes.log:+./changes.log: grep --exclude="todo.log" -r "#ToDo" . > todo.log
--./changes.log:-+./changes.log:+./changes.log:+./changes.log:+./changes.log: ./changes.log:-        while read targetDir 									#ToDo check if file already exists. Have flag for overwrite
--./changes.log:-+./changes.log:+./changes.log:+./changes.log:+./changes.log:-./changes.log:-./testScr:grep --exclude="todo.log" -r "#ToDo" . > todo.log
--./changes.log:-+./changes.log:+./changes.log:+./changes.log:+./changes.log:-./changes.log:-./testScr:        while read targetDir 									#ToDo check if file already exists. Have flag for overwrite
--./changes.log:-+./changes.log:+./changes.log:+./changes.log:+./changes.log:-./changes.log: ./Labs/Elm01/ToDo:#ToDo Do some elm stuff
--./changes.log:-+./changes.log:+./changes.log:+./changes.log:+./changes.log:-./changes.log: ./Labs/Elm01/ToDo:#ToDo end file
--./changes.log:-+./changes.log:+./changes.log:+./changes.log:+./changes.log:-./changes.log: ./Labs/Bash01/ToDo:#ToDo add some stuff
--./changes.log:-+./changes.log:+./changes.log:+./changes.log:+./changes.log:-./changes.log: ./Labs/Bash01/ToDo:#ToDo second add stuff
--./changes.log:-+./changes.log:+./changes.log:+./changes.log:+./changes.log:-./changes.log:-./funScr:grep --exclude="todo.log" -r "#ToDo" . > todo.log
--./changes.log:-+./changes.log:+./changes.log:+./changes.log:+./changes.log:-./changes.log:-./funScr:	while read targetDir #ToDo check if file already exists. Have flag for overwrite
--./changes.log:-+./changes.log:+./changes.log:+./changes.log:+./changes.log:-./changes.log:+./changes.log:-grep --exclude="todo.log" -r "#ToDo" . > todo.log
--./changes.log:-+./changes.log:+./changes.log:+./changes.log:+./changes.log:-./changes.log:+./changes.log:-	while read targetDir #ToDo check if file already exists. Have flag for overwrite
--./changes.log:-+./changes.log:+./changes.log:+./changes.log:+./changes.log:-./changes.log:+./changes.log:-grep --exclude="todo.log" -r "#ToDo" . > todo.log
--./changes.log:-+./changes.log:+./changes.log:+./changes.log:+./changes.log:-./changes.log:+./changes.log:-        while read targetDir 									#ToDo check if file already exists. Have flag for overwrite
--./changes.log:-+./changes.log:+./changes.log:+./changes.log:+./changes.log:-./changes.log:+./changes.log:-./testScr:grep --exclude="todo.log" -r "#ToDo" . > todo.log
--./changes.log:-+./changes.log:+./changes.log:+./changes.log:+./changes.log:-./changes.log:+./changes.log:-./testScr:        while read targetDir 									#ToDo check if file already exists. Have flag for overwrite
--./changes.log:-+./changes.log:+./changes.log:+./changes.log:+./changes.log:-./changes.log:+./changes.log:-./Labs/Elm01/ToDo:#ToDo Do some elm stuff
--./changes.log:-+./changes.log:+./changes.log:+./changes.log:+./changes.log:-./changes.log:+./changes.log:-./Labs/Elm01/ToDo:#ToDo end file
--./changes.log:-+./changes.log:+./changes.log:+./changes.log:+./changes.log:-./changes.log:+./changes.log:-./Labs/Bash01/ToDo:#ToDo add some stuff
--./changes.log:-+./changes.log:+./changes.log:+./changes.log:+./changes.log:-./changes.log:+./changes.log:-./Labs/Bash01/ToDo:#ToDo second add stuff
--./changes.log:-+./changes.log:+./changes.log:+./changes.log:+./changes.log:-./changes.log:+./changes.log:-./funScr:grep --exclude="todo.log" -r "#ToDo" . > todo.log
--./changes.log:-+./changes.log:+./changes.log:+./changes.log:+./changes.log:-./changes.log:+./changes.log:-./funScr:	while read targetDir #ToDo check if file already exists. Have flag for overwrite
--./changes.log:-+./changes.log:+./changes.log:+./changes.log:+./changes.log:-./changes.log:+./ProjectAnalyze.sh:grep --exclude="todo.log" -r "#ToDo" . > todo.log
--./changes.log:-+./changes.log:+./changes.log:+./changes.log:+./changes.log:-./changes.log:+./ProjectAnalyze.sh:        while read targetDir 									#ToDo check if file already exists. Have flag for overwrite
--./changes.log:-+./changes.log:+./changes.log:+./changes.log:+./changes.log:-./changes.log:+./funProjectAnalyze.sh:grep --exclude="todo.log" -r "#ToDo" . > todo.log
--./changes.log:-+./changes.log:+./changes.log:+./changes.log:+./changes.log:-./changes.log:+./funProjectAnalyze.sh:	while read targetDir #ToDo check if file already exists. Have flag for overwrite
--./changes.log:-+./changes.log:+./changes.log:+./changes.log:+./changes.log:+./changes.log:+        while read targetDir 										#ToDo check if file already exists. Have flag for overwrite
--./changes.log:-+./changes.log:+./changes.log:+./changes.log:+./changes.log:+./changes.log:--grep --exclude="todo.log" -r "#ToDo" . > todo.log
--./changes.log:-+./changes.log:+./changes.log:+./changes.log:+./changes.log:+./changes.log:--	while read targetDir #ToDo check if file already exists. Have flag for overwrite
--./changes.log:-+./changes.log:+./changes.log:+./changes.log:+./changes.log:+./changes.log:--grep --exclude="todo.log" -r "#ToDo" . > todo.log
--./changes.log:-+./changes.log:+./changes.log:+./changes.log:+./changes.log:+./changes.log:--        while read targetDir 									#ToDo check if file already exists. Have flag for overwrite
--./changes.log:-+./changes.log:+./changes.log:+./changes.log:+./changes.log:+./changes.log:--./testScr:grep --exclude="todo.log" -r "#ToDo" . > todo.log
--./changes.log:-+./changes.log:+./changes.log:+./changes.log:+./changes.log:+./changes.log:--./testScr:        while read targetDir 									#ToDo check if file already exists. Have flag for overwrite
--./changes.log:-+./changes.log:+./changes.log:+./changes.log:+./changes.log:+./changes.log:- ./Labs/Elm01/ToDo:#ToDo Do some elm stuff
--./changes.log:-+./changes.log:+./changes.log:+./changes.log:+./changes.log:+./changes.log:- ./Labs/Elm01/ToDo:#ToDo end file
--./changes.log:-+./changes.log:+./changes.log:+./changes.log:+./changes.log:+./changes.log:- ./Labs/Bash01/ToDo:#ToDo add some stuff
--./changes.log:-+./changes.log:+./changes.log:+./changes.log:+./changes.log:+./changes.log:- ./Labs/Bash01/ToDo:#ToDo second add stuff
--./changes.log:-+./changes.log:+./changes.log:+./changes.log:+./changes.log:+./changes.log:--./funScr:grep --exclude="todo.log" -r "#ToDo" . > todo.log
--./changes.log:-+./changes.log:+./changes.log:+./changes.log:+./changes.log:+./changes.log:--./funScr:	while read targetDir #ToDo check if file already exists. Have flag for overwrite
--./changes.log:-+./changes.log:+./changes.log:+./changes.log:+./changes.log:+./changes.log:-+./changes.log:-grep --exclude="todo.log" -r "#ToDo" . > todo.log
--./changes.log:-+./changes.log:+./changes.log:+./changes.log:+./changes.log:+./changes.log:-+./changes.log:-	while read targetDir #ToDo check if file already exists. Have flag for overwrite
--./changes.log:-+./changes.log:+./changes.log:+./changes.log:+./changes.log:+./changes.log:-+./changes.log:-grep --exclude="todo.log" -r "#ToDo" . > todo.log
--./changes.log:-+./changes.log:+./changes.log:+./changes.log:+./changes.log:+./changes.log:-+./changes.log:-        while read targetDir 									#ToDo check if file already exists. Have flag for overwrite
--./changes.log:-+./changes.log:+./changes.log:+./changes.log:+./changes.log:+./changes.log:-+./changes.log:-./testScr:grep --exclude="todo.log" -r "#ToDo" . > todo.log
--./changes.log:-+./changes.log:+./changes.log:+./changes.log:+./changes.log:+./changes.log:-+./changes.log:-./testScr:        while read targetDir 									#ToDo check if file already exists. Have flag for overwrite
--./changes.log:-+./changes.log:+./changes.log:+./changes.log:+./changes.log:+./changes.log:-+./changes.log:-./Labs/Elm01/ToDo:#ToDo Do some elm stuff
--./changes.log:-+./changes.log:+./changes.log:+./changes.log:+./changes.log:+./changes.log:-+./changes.log:-./Labs/Elm01/ToDo:#ToDo end file
--./changes.log:-+./changes.log:+./changes.log:+./changes.log:+./changes.log:+./changes.log:-+./changes.log:-./Labs/Bash01/ToDo:#ToDo add some stuff
--./changes.log:-+./changes.log:+./changes.log:+./changes.log:+./changes.log:+./changes.log:-+./changes.log:-./Labs/Bash01/ToDo:#ToDo second add stuff
--./changes.log:-+./changes.log:+./changes.log:+./changes.log:+./changes.log:+./changes.log:-+./changes.log:-./funScr:grep --exclude="todo.log" -r "#ToDo" . > todo.log
--./changes.log:-+./changes.log:+./changes.log:+./changes.log:+./changes.log:+./changes.log:-+./changes.log:-./funScr:	while read targetDir #ToDo check if file already exists. Have flag for overwrite
--./changes.log:-+./changes.log:+./changes.log:+./changes.log:+./changes.log:+./changes.log:-+./ProjectAnalyze.sh:grep --exclude="todo.log" -r "#ToDo" . > todo.log
--./changes.log:-+./changes.log:+./changes.log:+./changes.log:+./changes.log:+./changes.log:-+./ProjectAnalyze.sh:        while read targetDir 									#ToDo check if file already exists. Have flag for overwrite
--./changes.log:-+./changes.log:+./changes.log:+./changes.log:+./changes.log:+./changes.log:-+./funProjectAnalyze.sh:grep --exclude="todo.log" -r "#ToDo" . > todo.log
--./changes.log:-+./changes.log:+./changes.log:+./changes.log:+./changes.log:+./changes.log:-+./funProjectAnalyze.sh:	while read targetDir #ToDo check if file already exists. Have flag for overwrite
--./changes.log:-+./changes.log:+./changes.log:+./changes.log:+./changes.log: ./ProjectAnalyze.sh:grep --exclude="todo.log" -r "#ToDo" . > todo.log
--./changes.log:-+./changes.log:+./changes.log:+./changes.log:+./changes.log:-./ProjectAnalyze.sh:        while read targetDir 									#ToDo check if file already exists. Have flag for overwrite
--./changes.log:-+./changes.log:+./changes.log:+./changes.log:+./changes.log:+./ProjectAnalyze.sh:        while read targetDir 										#ToDo check if file already exists. Have flag for overwrite
--./changes.log:-+./changes.log:+./changes.log:+./changes.log:+./changes.log: ./funProjectAnalyze.sh:grep --exclude="todo.log" -r "#ToDo" . > todo.log
--./changes.log:-+./changes.log:+./changes.log:+./changes.log:+./changes.log: ./funProjectAnalyze.sh:	while read targetDir #ToDo check if file already exists. Have flag for overwrite
--./changes.log:-+./changes.log:+./changes.log:+./changes.log: ./ProjectAnalyze.sh:grep --exclude="todo.log" -r "#ToDo" . > todo.log
--./changes.log:-+./changes.log:+./changes.log:+./changes.log:-./ProjectAnalyze.sh:        while read targetDir 									#ToDo check if file already exists. Have flag for overwrite
--./changes.log:-+./changes.log:+./changes.log:+./changes.log:+./ProjectAnalyze.sh:        while read targetDir 										#ToDo check if file already exists. Have flag for overwrite
--./changes.log:-+./changes.log:+./changes.log:+./changes.log: ./funProjectAnalyze.sh:grep --exclude="todo.log" -r "#ToDo" . > todo.log
--./changes.log:-+./changes.log:+./changes.log:+./changes.log: ./funProjectAnalyze.sh:	while read targetDir #ToDo check if file already exists. Have flag for overwrite
--./changes.log:-+./changes.log:+./changes.log: ./ProjectAnalyze.sh:grep --exclude="todo.log" -r "#ToDo" . > todo.log
--./changes.log:-+./changes.log:+./changes.log:-./ProjectAnalyze.sh:        while read targetDir 									#ToDo check if file already exists. Have flag for overwrite
--./changes.log:-+./changes.log:+./changes.log:+./ProjectAnalyze.sh:        while read targetDir 										#ToDo check if file already exists. Have flag for overwrite
--./changes.log:-+./changes.log:+./changes.log: ./funProjectAnalyze.sh:grep --exclude="todo.log" -r "#ToDo" . > todo.log
--./changes.log:-+./changes.log:+./changes.log: ./funProjectAnalyze.sh:	while read targetDir #ToDo check if file already exists. Have flag for overwrite
--./changes.log:-+./changes.log: ./ProjectAnalyze.sh:grep --exclude="todo.log" -r "#ToDo" . > todo.log
--./changes.log:-+./changes.log:-./ProjectAnalyze.sh:        while read targetDir 									#ToDo check if file already exists. Have flag for overwrite
--./changes.log:-+./changes.log:-./funProjectAnalyze.sh:grep --exclude="todo.log" -r "#ToDo" . > todo.log
--./changes.log:-+./changes.log:-./funProjectAnalyze.sh:	while read targetDir #ToDo check if file already exists. Have flag for overwrite
--./changes.log:-+./changes.log:+./ProjectAnalyze.sh:        while read targetDir 										#ToDo check if file already exists. Have flag for overwrite
--./changes.log:- ./ProjectAnalyze.sh:grep --exclude="todo.log" -r "#ToDo" . > todo.log
--./changes.log:--./ProjectAnalyze.sh:        while read targetDir 									#ToDo check if file already exists. Have flag for overwrite
--./changes.log:--./funProjectAnalyze.sh:grep --exclude="todo.log" -r "#ToDo" . > todo.log
--./changes.log:--./funProjectAnalyze.sh:	while read targetDir #ToDo check if file already exists. Have flag for overwrite
--./changes.log:-+./ProjectAnalyze.sh:        while read targetDir 										#ToDo check if file already exists. Have flag for overwrite
--./ProjectAnalyze.sh:grep --exclude="todo.log" -r "#ToDo" . > todo.log
--./ProjectAnalyze.sh:        while read targetDir 										#ToDo check if file already exists. Have flag for overwrite
-diff --git a/workingTree.log b/workingTree.log
-deleted file mode 100644
-index 9779957..0000000
---- a/workingTree.log
-+++ /dev/null
-@@ -1,11 +0,0 @@
--.
--./Labs
--./Labs/Haskell01
--./Labs/Bash02
--./Labs/Elm01
--./Labs/Bash01
--./Labs/Haskell02
--./Labs/Elm02
--./Assign1
--./Assign2
--./Assign3
-
-
-[0;32mNew and Modified[1;37m
-ProjectAnalyze.sh
-changes.log
-testScrMan
-removeMe
-
-
-[0;32mRemoved files:[1;37m
-error.log
-todo.log
-workingTree.log


[0;32mNew and Modified[1;37m


[0;32mRemoved files:[1;37m
