.
./Assign1
./Assign2
./Assign2/elm-stuff
./Assign2/elm-stuff/build-artifacts
./Assign2/elm-stuff/build-artifacts/0.18.0
./Assign2/elm-stuff/build-artifacts/0.18.0/elm-lang
./Assign2/elm-stuff/build-artifacts/0.18.0/elm-lang/animation-frame
./Assign2/elm-stuff/build-artifacts/0.18.0/elm-lang/animation-frame/1.0.1
./Assign2/elm-stuff/build-artifacts/0.18.0/elm-lang/core
./Assign2/elm-stuff/build-artifacts/0.18.0/elm-lang/core/5.1.1
./Assign2/elm-stuff/build-artifacts/0.18.0/elm-lang/dom
./Assign2/elm-stuff/build-artifacts/0.18.0/elm-lang/dom/1.1.1
./Assign2/elm-stuff/build-artifacts/0.18.0/elm-lang/html
./Assign2/elm-stuff/build-artifacts/0.18.0/elm-lang/html/2.0.0
./Assign2/elm-stuff/build-artifacts/0.18.0/elm-lang/keyboard
./Assign2/elm-stuff/build-artifacts/0.18.0/elm-lang/keyboard/1.0.1
./Assign2/elm-stuff/build-artifacts/0.18.0/elm-lang/mouse
./Assign2/elm-stuff/build-artifacts/0.18.0/elm-lang/mouse/1.0.1
./Assign2/elm-stuff/build-artifacts/0.18.0/elm-lang/svg
./Assign2/elm-stuff/build-artifacts/0.18.0/elm-lang/svg/2.0.0
./Assign2/elm-stuff/build-artifacts/0.18.0/elm-lang/virtual-dom
./Assign2/elm-stuff/build-artifacts/0.18.0/elm-lang/virtual-dom/2.0.4
./Assign2/elm-stuff/build-artifacts/0.18.0/elm-lang/window
./Assign2/elm-stuff/build-artifacts/0.18.0/elm-lang/window/1.0.1
./Assign2/elm-stuff/build-artifacts/0.18.0/user
./Assign2/elm-stuff/build-artifacts/0.18.0/user/project
./Assign2/elm-stuff/build-artifacts/0.18.0/user/project/1.0.0
./Assign2/elm-stuff/packages
./Assign2/elm-stuff/packages/elm-lang
./Assign2/elm-stuff/packages/elm-lang/animation-frame
./Assign2/elm-stuff/packages/elm-lang/animation-frame/1.0.1
./Assign2/elm-stuff/packages/elm-lang/animation-frame/1.0.1/src
./Assign2/elm-stuff/packages/elm-lang/animation-frame/1.0.1/src/Native
./Assign2/elm-stuff/packages/elm-lang/core
./Assign2/elm-stuff/packages/elm-lang/core/5.1.1
./Assign2/elm-stuff/packages/elm-lang/core/5.1.1/src
./Assign2/elm-stuff/packages/elm-lang/core/5.1.1/src/Json
./Assign2/elm-stuff/packages/elm-lang/core/5.1.1/src/Native
./Assign2/elm-stuff/packages/elm-lang/core/5.1.1/src/Platform
./Assign2/elm-stuff/packages/elm-lang/core/5.1.1/tests
./Assign2/elm-stuff/packages/elm-lang/core/5.1.1/tests/Test
./Assign2/elm-stuff/packages/elm-lang/dom
./Assign2/elm-stuff/packages/elm-lang/dom/1.1.1
./Assign2/elm-stuff/packages/elm-lang/dom/1.1.1/assets
./Assign2/elm-stuff/packages/elm-lang/dom/1.1.1/src
./Assign2/elm-stuff/packages/elm-lang/dom/1.1.1/src/Dom
./Assign2/elm-stuff/packages/elm-lang/dom/1.1.1/src/Native
./Assign2/elm-stuff/packages/elm-lang/html
./Assign2/elm-stuff/packages/elm-lang/html/2.0.0
./Assign2/elm-stuff/packages/elm-lang/html/2.0.0/src
./Assign2/elm-stuff/packages/elm-lang/html/2.0.0/src/Html
./Assign2/elm-stuff/packages/elm-lang/keyboard
./Assign2/elm-stuff/packages/elm-lang/keyboard/1.0.1
./Assign2/elm-stuff/packages/elm-lang/keyboard/1.0.1/src
./Assign2/elm-stuff/packages/elm-lang/mouse
./Assign2/elm-stuff/packages/elm-lang/mouse/1.0.1
./Assign2/elm-stuff/packages/elm-lang/mouse/1.0.1/src
./Assign2/elm-stuff/packages/elm-lang/svg
./Assign2/elm-stuff/packages/elm-lang/svg/2.0.0
./Assign2/elm-stuff/packages/elm-lang/svg/2.0.0/examples
./Assign2/elm-stuff/packages/elm-lang/svg/2.0.0/src
./Assign2/elm-stuff/packages/elm-lang/svg/2.0.0/src/Svg
./Assign2/elm-stuff/packages/elm-lang/virtual-dom
./Assign2/elm-stuff/packages/elm-lang/virtual-dom/2.0.4
./Assign2/elm-stuff/packages/elm-lang/virtual-dom/2.0.4/src
./Assign2/elm-stuff/packages/elm-lang/virtual-dom/2.0.4/src/Native
./Assign2/elm-stuff/packages/elm-lang/virtual-dom/2.0.4/src/VirtualDom
./Assign2/elm-stuff/packages/elm-lang/virtual-dom/2.0.4/tests
./Assign2/elm-stuff/packages/elm-lang/virtual-dom/2.0.4/tests/Native
./Assign2/elm-stuff/packages/elm-lang/virtual-dom/2.0.4/tests/TestCases
./Assign2/elm-stuff/packages/elm-lang/window
./Assign2/elm-stuff/packages/elm-lang/window/1.0.1
./Assign2/elm-stuff/packages/elm-lang/window/1.0.1/src
./Assign2/elm-stuff/packages/elm-lang/window/1.0.1/src/Native
./Assign3
./Elm
./Elm/elm-stuff
./Elm/elm-stuff/build-artifacts
./Elm/elm-stuff/build-artifacts/0.18.0
./Elm/elm-stuff/build-artifacts/0.18.0/elm-lang
./Elm/elm-stuff/build-artifacts/0.18.0/elm-lang/animation-frame
./Elm/elm-stuff/build-artifacts/0.18.0/elm-lang/animation-frame/1.0.1
./Elm/elm-stuff/build-artifacts/0.18.0/elm-lang/core
./Elm/elm-stuff/build-artifacts/0.18.0/elm-lang/core/5.1.1
./Elm/elm-stuff/build-artifacts/0.18.0/elm-lang/dom
./Elm/elm-stuff/build-artifacts/0.18.0/elm-lang/dom/1.1.1
./Elm/elm-stuff/build-artifacts/0.18.0/elm-lang/html
./Elm/elm-stuff/build-artifacts/0.18.0/elm-lang/html/2.0.0
./Elm/elm-stuff/build-artifacts/0.18.0/elm-lang/keyboard
./Elm/elm-stuff/build-artifacts/0.18.0/elm-lang/keyboard/1.0.1
./Elm/elm-stuff/build-artifacts/0.18.0/elm-lang/mouse
./Elm/elm-stuff/build-artifacts/0.18.0/elm-lang/mouse/1.0.1
./Elm/elm-stuff/build-artifacts/0.18.0/elm-lang/svg
./Elm/elm-stuff/build-artifacts/0.18.0/elm-lang/svg/2.0.0
./Elm/elm-stuff/build-artifacts/0.18.0/elm-lang/virtual-dom
./Elm/elm-stuff/build-artifacts/0.18.0/elm-lang/virtual-dom/2.0.4
./Elm/elm-stuff/build-artifacts/0.18.0/elm-lang/window
./Elm/elm-stuff/build-artifacts/0.18.0/elm-lang/window/1.0.1
./Elm/elm-stuff/build-artifacts/0.18.0/user
./Elm/elm-stuff/build-artifacts/0.18.0/user/project
./Elm/elm-stuff/build-artifacts/0.18.0/user/project/1.0.0
./Elm/elm-stuff/packages
./Elm/elm-stuff/packages/elm-lang
./Elm/elm-stuff/packages/elm-lang/animation-frame
./Elm/elm-stuff/packages/elm-lang/animation-frame/1.0.1
./Elm/elm-stuff/packages/elm-lang/animation-frame/1.0.1/src
./Elm/elm-stuff/packages/elm-lang/animation-frame/1.0.1/src/Native
./Elm/elm-stuff/packages/elm-lang/core
./Elm/elm-stuff/packages/elm-lang/core/5.1.1
./Elm/elm-stuff/packages/elm-lang/core/5.1.1/src
./Elm/elm-stuff/packages/elm-lang/core/5.1.1/src/Json
./Elm/elm-stuff/packages/elm-lang/core/5.1.1/src/Native
./Elm/elm-stuff/packages/elm-lang/core/5.1.1/src/Platform
./Elm/elm-stuff/packages/elm-lang/core/5.1.1/tests
./Elm/elm-stuff/packages/elm-lang/core/5.1.1/tests/Test
./Elm/elm-stuff/packages/elm-lang/dom
./Elm/elm-stuff/packages/elm-lang/dom/1.1.1
./Elm/elm-stuff/packages/elm-lang/dom/1.1.1/assets
./Elm/elm-stuff/packages/elm-lang/dom/1.1.1/src
./Elm/elm-stuff/packages/elm-lang/dom/1.1.1/src/Dom
./Elm/elm-stuff/packages/elm-lang/dom/1.1.1/src/Native
./Elm/elm-stuff/packages/elm-lang/html
./Elm/elm-stuff/packages/elm-lang/html/2.0.0
./Elm/elm-stuff/packages/elm-lang/html/2.0.0/src
./Elm/elm-stuff/packages/elm-lang/html/2.0.0/src/Html
./Elm/elm-stuff/packages/elm-lang/keyboard
./Elm/elm-stuff/packages/elm-lang/keyboard/1.0.1
./Elm/elm-stuff/packages/elm-lang/keyboard/1.0.1/src
./Elm/elm-stuff/packages/elm-lang/mouse
./Elm/elm-stuff/packages/elm-lang/mouse/1.0.1
./Elm/elm-stuff/packages/elm-lang/mouse/1.0.1/src
./Elm/elm-stuff/packages/elm-lang/svg
./Elm/elm-stuff/packages/elm-lang/svg/2.0.0
./Elm/elm-stuff/packages/elm-lang/svg/2.0.0/examples
./Elm/elm-stuff/packages/elm-lang/svg/2.0.0/src
./Elm/elm-stuff/packages/elm-lang/svg/2.0.0/src/Svg
./Elm/elm-stuff/packages/elm-lang/virtual-dom
./Elm/elm-stuff/packages/elm-lang/virtual-dom/2.0.4
./Elm/elm-stuff/packages/elm-lang/virtual-dom/2.0.4/src
./Elm/elm-stuff/packages/elm-lang/virtual-dom/2.0.4/src/Native
./Elm/elm-stuff/packages/elm-lang/virtual-dom/2.0.4/src/VirtualDom
./Elm/elm-stuff/packages/elm-lang/virtual-dom/2.0.4/tests
./Elm/elm-stuff/packages/elm-lang/virtual-dom/2.0.4/tests/Native
./Elm/elm-stuff/packages/elm-lang/virtual-dom/2.0.4/tests/TestCases
./Elm/elm-stuff/packages/elm-lang/window
./Elm/elm-stuff/packages/elm-lang/window/1.0.1
./Elm/elm-stuff/packages/elm-lang/window/1.0.1/src
./Elm/elm-stuff/packages/elm-lang/window/1.0.1/src/Native
./Elm/Old
./Labs
./Labs/Bash01
./Labs/Bash02
./Labs/Elm01
./Labs/Elm02
./Labs/Haskell01
./Labs/Haskell02
./public_html
./public_html/elm
